{"meta": {"format": 3, "version": "7.10.7", "timestamp": "2025-11-20T17:07:20.484363", "branch_coverage": false, "show_contexts": false}, "files": {"src/datafolio/__init__.py": {"executed_lines": [1, 3, 5, 7], "summary": {"covered_lines": 3, "num_statements": 3, "percent_covered": 100.0, "percent_covered_display": "100", "missing_lines": 0, "excluded_lines": 0}, "missing_lines": [], "excluded_lines": [], "functions": {"": {"executed_lines": [1, 3, 5, 7], "summary": {"covered_lines": 3, "num_statements": 3, "percent_covered": 100.0, "percent_covered_display": "100", "missing_lines": 0, "excluded_lines": 0}, "missing_lines": [], "excluded_lines": []}}, "classes": {"": {"executed_lines": [1, 3, 5, 7], "summary": {"covered_lines": 3, "num_statements": 3, "percent_covered": 100.0, "percent_covered_display": "100", "missing_lines": 0, "excluded_lines": 0}, "missing_lines": [], "excluded_lines": []}}}, "src/datafolio/accessors.py": {"executed_lines": [1, 8, 10, 14, 15, 20, 27, 28, 30, 31, 52, 54, 55, 58, 59, 60, 61, 62, 63, 64, 65, 66, 67, 68, 69, 73, 74, 81, 83, 84, 86, 87, 95, 97, 98, 100, 101, 114, 116, 117, 119, 120, 121, 122, 124, 126, 127, 133, 135, 136, 142, 144, 145, 152, 154, 156, 159, 161, 162, 163, 164, 165, 168, 169, 175, 181, 183, 195, 202, 204, 205, 210, 212, 225, 227, 228, 230, 232, 239, 242, 244, 250, 251, 252, 255, 256, 258, 265, 266, 268], "summary": {"covered_lines": 86, "num_statements": 88, "percent_covered": 97.72727272727273, "percent_covered_display": "98", "missing_lines": 2, "excluded_lines": 2}, "missing_lines": [71, 197], "excluded_lines": [10, 11], "functions": {"ItemProxy.__init__": {"executed_lines": [27, 28], "summary": {"covered_lines": 2, "num_statements": 2, "percent_covered": 100.0, "percent_covered_display": "100", "missing_lines": 0, "excluded_lines": 0}, "missing_lines": [], "excluded_lines": []}, "ItemProxy.content": {"executed_lines": [52, 54, 55, 58, 59, 60, 61, 62, 63, 64, 65, 66, 67, 68, 69], "summary": {"covered_lines": 15, "num_statements": 16, "percent_covered": 93.75, "percent_covered_display": "94", "missing_lines": 1, "excluded_lines": 0}, "missing_lines": [71], "excluded_lines": []}, "ItemProxy.description": {"executed_lines": [81, 83, 84], "summary": {"covered_lines": 3, "num_statements": 3, "percent_covered": 100.0, "percent_covered_display": "100", "missing_lines": 0, "excluded_lines": 0}, "missing_lines": [], "excluded_lines": []}, "ItemProxy.type": {"executed_lines": [95, 97, 98], "summary": {"covered_lines": 3, "num_statements": 3, "percent_covered": 100.0, "percent_covered_display": "100", "missing_lines": 0, "excluded_lines": 0}, "missing_lines": [], "excluded_lines": []}, "ItemProxy.path": {"executed_lines": [114, 116, 117, 119, 120, 121, 122, 124], "summary": {"covered_lines": 8, "num_statements": 8, "percent_covered": 100.0, "percent_covered_display": "100", "missing_lines": 0, "excluded_lines": 0}, "missing_lines": [], "excluded_lines": []}, "ItemProxy.inputs": {"executed_lines": [133], "summary": {"covered_lines": 1, "num_statements": 1, "percent_covered": 100.0, "percent_covered_display": "100", "missing_lines": 0, "excluded_lines": 0}, "missing_lines": [], "excluded_lines": []}, "ItemProxy.dependents": {"executed_lines": [142], "summary": {"covered_lines": 1, "num_statements": 1, "percent_covered": 100.0, "percent_covered_display": "100", "missing_lines": 0, "excluded_lines": 0}, "missing_lines": [], "excluded_lines": []}, "ItemProxy.metadata": {"executed_lines": [152, 154], "summary": {"covered_lines": 2, "num_statements": 2, "percent_covered": 100.0, "percent_covered_display": "100", "missing_lines": 0, "excluded_lines": 0}, "missing_lines": [], "excluded_lines": []}, "ItemProxy.__repr__": {"executed_lines": [159, 161, 162, 163, 164, 165], "summary": {"covered_lines": 6, "num_statements": 6, "percent_covered": 100.0, "percent_covered_display": "100", "missing_lines": 0, "excluded_lines": 0}, "missing_lines": [], "excluded_lines": []}, "DataAccessor.__init__": {"executed_lines": [181], "summary": {"covered_lines": 1, "num_statements": 1, "percent_covered": 100.0, "percent_covered_display": "100", "missing_lines": 0, "excluded_lines": 0}, "missing_lines": [], "excluded_lines": []}, "DataAccessor.__getattr__": {"executed_lines": [195, 202, 204, 205, 210], "summary": {"covered_lines": 5, "num_statements": 6, "percent_covered": 83.33333333333333, "percent_covered_display": "83", "missing_lines": 1, "excluded_lines": 0}, "missing_lines": [197], "excluded_lines": []}, "DataAccessor.__getitem__": {"executed_lines": [225, 227, 228, 230], "summary": {"covered_lines": 4, "num_statements": 4, "percent_covered": 100.0, "percent_covered_display": "100", "missing_lines": 0, "excluded_lines": 0}, "missing_lines": [], "excluded_lines": []}, "DataAccessor.__dir__": {"executed_lines": [239, 242], "summary": {"covered_lines": 2, "num_statements": 2, "percent_covered": 100.0, "percent_covered_display": "100", "missing_lines": 0, "excluded_lines": 0}, "missing_lines": [], "excluded_lines": []}, "DataAccessor.__repr__": {"executed_lines": [250, 251, 252, 255, 256, 258, 265, 266, 268], "summary": {"covered_lines": 9, "num_statements": 9, "percent_covered": 100.0, "percent_covered_display": "100", "missing_lines": 0, "excluded_lines": 0}, "missing_lines": [], "excluded_lines": []}, "": {"executed_lines": [1, 8, 10, 14, 15, 20, 30, 31, 73, 74, 86, 87, 100, 101, 126, 127, 135, 136, 144, 145, 156, 168, 169, 175, 183, 212, 232, 244], "summary": {"covered_lines": 24, "num_statements": 24, "percent_covered": 100.0, "percent_covered_display": "100", "missing_lines": 0, "excluded_lines": 2}, "missing_lines": [], "excluded_lines": [10, 11]}}, "classes": {"ItemProxy": {"executed_lines": [27, 28, 52, 54, 55, 58, 59, 60, 61, 62, 63, 64, 65, 66, 67, 68, 69, 81, 83, 84, 95, 97, 98, 114, 116, 117, 119, 120, 121, 122, 124, 133, 142, 152, 154, 159, 161, 162, 163, 164, 165], "summary": {"covered_lines": 41, "num_statements": 42, "percent_covered": 97.61904761904762, "percent_covered_display": "98", "missing_lines": 1, "excluded_lines": 0}, "missing_lines": [71], "excluded_lines": []}, "DataAccessor": {"executed_lines": [181, 195, 202, 204, 205, 210, 225, 227, 228, 230, 239, 242, 250, 251, 252, 255, 256, 258, 265, 266, 268], "summary": {"covered_lines": 21, "num_statements": 22, "percent_covered": 95.45454545454545, "percent_covered_display": "95", "missing_lines": 1, "excluded_lines": 0}, "missing_lines": [197], "excluded_lines": []}, "": {"executed_lines": [1, 8, 10, 14, 15, 20, 30, 31, 73, 74, 86, 87, 100, 101, 126, 127, 135, 136, 144, 145, 156, 168, 169, 175, 183, 212, 232, 244], "summary": {"covered_lines": 24, "num_statements": 24, "percent_covered": 100.0, "percent_covered_display": "100", "missing_lines": 0, "excluded_lines": 2}, "missing_lines": [], "excluded_lines": [10, 11]}}}, "src/datafolio/base/__init__.py": {"executed_lines": [1, 9, 10, 18], "summary": {"covered_lines": 3, "num_statements": 3, "percent_covered": 100.0, "percent_covered_display": "100", "missing_lines": 0, "excluded_lines": 0}, "missing_lines": [], "excluded_lines": [], "functions": {"": {"executed_lines": [1, 9, 10, 18], "summary": {"covered_lines": 3, "num_statements": 3, "percent_covered": 100.0, "percent_covered_display": "100", "missing_lines": 0, "excluded_lines": 0}, "missing_lines": [], "excluded_lines": []}}, "classes": {"": {"executed_lines": [1, 9, 10, 18], "summary": {"covered_lines": 3, "num_statements": 3, "percent_covered": 100.0, "percent_covered_display": "100", "missing_lines": 0, "excluded_lines": 0}, "missing_lines": [], "excluded_lines": []}}}, "src/datafolio/base/handler.py": {"executed_lines": [1, 8, 9, 11, 13, 17, 18, 55, 56, 57, 72, 73, 95, 96, 135, 136, 156, 172, 173, 174, 175, 178, 180, 199, 201, 220], "summary": {"covered_lines": 23, "num_statements": 27, "percent_covered": 85.18518518518519, "percent_covered_display": "85", "missing_lines": 4, "excluded_lines": 3}, "missing_lines": [70, 93, 133, 154], "excluded_lines": [13, 14, 18], "functions": {"BaseHandler.item_type": {"executed_lines": [], "summary": {"covered_lines": 0, "num_statements": 1, "percent_covered": 0.0, "percent_covered_display": "0", "missing_lines": 1, "excluded_lines": 0}, "missing_lines": [70], "excluded_lines": []}, "BaseHandler.can_handle": {"executed_lines": [], "summary": {"covered_lines": 0, "num_statements": 1, "percent_covered": 0.0, "percent_covered_display": "0", "missing_lines": 1, "excluded_lines": 0}, "missing_lines": [93], "excluded_lines": []}, "BaseHandler.add": {"executed_lines": [], "summary": {"covered_lines": 0, "num_statements": 1, "percent_covered": 0.0, "percent_covered_display": "0", "missing_lines": 1, "excluded_lines": 0}, "missing_lines": [133], "excluded_lines": []}, "BaseHandler.get": {"executed_lines": [], "summary": {"covered_lines": 0, "num_statements": 1, "percent_covered": 0.0, "percent_covered_display": "0", "missing_lines": 1, "excluded_lines": 0}, "missing_lines": [154], "excluded_lines": []}, "BaseHandler.delete": {"executed_lines": [172, 173, 174, 175, 178], "summary": {"covered_lines": 5, "num_statements": 5, "percent_covered": 100.0, "percent_covered_display": "100", "missing_lines": 0, "excluded_lines": 0}, "missing_lines": [], "excluded_lines": []}, "BaseHandler.get_storage_category": {"executed_lines": [199], "summary": {"covered_lines": 1, "num_statements": 1, "percent_covered": 100.0, "percent_covered_display": "100", "missing_lines": 0, "excluded_lines": 0}, "missing_lines": [], "excluded_lines": []}, "BaseHandler.get_storage_subdir": {"executed_lines": [220], "summary": {"covered_lines": 1, "num_statements": 1, "percent_covered": 100.0, "percent_covered_display": "100", "missing_lines": 0, "excluded_lines": 0}, "missing_lines": [], "excluded_lines": []}, "": {"executed_lines": [1, 8, 9, 11, 13, 17, 18, 55, 56, 57, 72, 73, 95, 96, 135, 136, 156, 180, 201], "summary": {"covered_lines": 16, "num_statements": 16, "percent_covered": 100.0, "percent_covered_display": "100", "missing_lines": 0, "excluded_lines": 3}, "missing_lines": [], "excluded_lines": [13, 14, 18]}}, "classes": {"BaseHandler": {"executed_lines": [172, 173, 174, 175, 178, 199, 220], "summary": {"covered_lines": 7, "num_statements": 11, "percent_covered": 63.63636363636363, "percent_covered_display": "64", "missing_lines": 4, "excluded_lines": 0}, "missing_lines": [70, 93, 133, 154], "excluded_lines": []}, "": {"executed_lines": [1, 8, 9, 11, 13, 17, 18, 55, 56, 57, 72, 73, 95, 96, 135, 136, 156, 180, 201], "summary": {"covered_lines": 16, "num_statements": 16, "percent_covered": 100.0, "percent_covered_display": "100", "missing_lines": 0, "excluded_lines": 3}, "missing_lines": [], "excluded_lines": [13, 14, 18]}}}, "src/datafolio/base/registry.py": {"executed_lines": [1, 10, 12, 15, 16, 29, 31, 33, 47, 48, 49, 53, 55, 74, 75, 76, 80, 82, 108, 109, 110, 111, 113, 126, 128, 145, 149, 152, 163, 166, 182, 185, 205, 208, 228], "summary": {"covered_lines": 33, "num_statements": 33, "percent_covered": 100.0, "percent_covered_display": "100", "missing_lines": 0, "excluded_lines": 0}, "missing_lines": [], "excluded_lines": [], "functions": {"HandlerRegistry.__init__": {"executed_lines": [31], "summary": {"covered_lines": 1, "num_statements": 1, "percent_covered": 100.0, "percent_covered_display": "100", "missing_lines": 0, "excluded_lines": 0}, "missing_lines": [], "excluded_lines": []}, "HandlerRegistry.register": {"executed_lines": [47, 48, 49, 53], "summary": {"covered_lines": 4, "num_statements": 4, "percent_covered": 100.0, "percent_covered_display": "100", "missing_lines": 0, "excluded_lines": 0}, "missing_lines": [], "excluded_lines": []}, "HandlerRegistry.get": {"executed_lines": [74, 75, 76, 80], "summary": {"covered_lines": 4, "num_statements": 4, "percent_covered": 100.0, "percent_covered_display": "100", "missing_lines": 0, "excluded_lines": 0}, "missing_lines": [], "excluded_lines": []}, "HandlerRegistry.detect": {"executed_lines": [108, 109, 110, 111], "summary": {"covered_lines": 4, "num_statements": 4, "percent_covered": 100.0, "percent_covered_display": "100", "missing_lines": 0, "excluded_lines": 0}, "missing_lines": [], "excluded_lines": []}, "HandlerRegistry.list_types": {"executed_lines": [126], "summary": {"covered_lines": 1, "num_statements": 1, "percent_covered": 100.0, "percent_covered_display": "100", "missing_lines": 0, "excluded_lines": 0}, "missing_lines": [], "excluded_lines": []}, "HandlerRegistry.is_registered": {"executed_lines": [145], "summary": {"covered_lines": 1, "num_statements": 1, "percent_covered": 100.0, "percent_covered_display": "100", "missing_lines": 0, "excluded_lines": 0}, "missing_lines": [], "excluded_lines": []}, "get_registry": {"executed_lines": [163], "summary": {"covered_lines": 1, "num_statements": 1, "percent_covered": 100.0, "percent_covered_display": "100", "missing_lines": 0, "excluded_lines": 0}, "missing_lines": [], "excluded_lines": []}, "register_handler": {"executed_lines": [182], "summary": {"covered_lines": 1, "num_statements": 1, "percent_covered": 100.0, "percent_covered_display": "100", "missing_lines": 0, "excluded_lines": 0}, "missing_lines": [], "excluded_lines": []}, "get_handler": {"executed_lines": [205], "summary": {"covered_lines": 1, "num_statements": 1, "percent_covered": 100.0, "percent_covered_display": "100", "missing_lines": 0, "excluded_lines": 0}, "missing_lines": [], "excluded_lines": []}, "detect_handler": {"executed_lines": [228], "summary": {"covered_lines": 1, "num_statements": 1, "percent_covered": 100.0, "percent_covered_display": "100", "missing_lines": 0, "excluded_lines": 0}, "missing_lines": [], "excluded_lines": []}, "": {"executed_lines": [1, 10, 12, 15, 16, 29, 33, 55, 82, 113, 128, 149, 152, 166, 185, 208], "summary": {"covered_lines": 14, "num_statements": 14, "percent_covered": 100.0, "percent_covered_display": "100", "missing_lines": 0, "excluded_lines": 0}, "missing_lines": [], "excluded_lines": []}}, "classes": {"HandlerRegistry": {"executed_lines": [31, 47, 48, 49, 53, 74, 75, 76, 80, 108, 109, 110, 111, 126, 145], "summary": {"covered_lines": 15, "num_statements": 15, "percent_covered": 100.0, "percent_covered_display": "100", "missing_lines": 0, "excluded_lines": 0}, "missing_lines": [], "excluded_lines": []}, "": {"executed_lines": [1, 10, 12, 15, 16, 29, 33, 55, 82, 113, 128, 149, 152, 163, 166, 182, 185, 205, 208, 228], "summary": {"covered_lines": 18, "num_statements": 18, "percent_covered": 100.0, "percent_covered_display": "100", "missing_lines": 0, "excluded_lines": 0}, "missing_lines": [], "excluded_lines": []}}}, "src/datafolio/display.py": {"executed_lines": [1, 8, 9, 10, 11, 13, 16, 19, 20, 27, 33, 35, 80, 82, 83, 84, 85, 88, 89, 92, 93, 94, 97, 98, 100, 104, 107, 108, 112, 113, 115, 116, 118, 119, 120, 121, 124, 125, 126, 128, 130, 133, 134, 135, 137, 138, 139, 141, 153, 154, 155, 156, 158, 159, 160, 162, 163, 164, 167, 168, 171, 172, 173, 174, 190, 191, 194, 195, 196, 197, 212, 213, 216, 217, 218, 219, 220, 221, 222, 223, 225, 226, 227, 229, 231, 233, 234, 235, 237, 239, 240, 243, 244, 245, 246, 275, 276, 279, 280, 281, 282, 294, 295, 298, 299, 300, 301, 302, 303, 304, 305, 307, 308, 309, 310, 312, 313, 314, 316, 319, 322, 325, 326, 331, 344, 346, 349, 352, 355, 356, 358, 362, 363, 374, 387, 388, 390, 398, 419, 420, 421, 423, 424, 425, 428, 429, 430, 432, 433, 434, 435, 438, 439, 440, 443, 444, 445, 446, 447, 458, 473, 474, 475, 477, 478, 479, 482, 483, 485, 487, 502, 505, 508, 509, 510, 511, 512, 513, 518, 521, 522, 527], "summary": {"covered_lines": 179, "num_statements": 265, "percent_covered": 67.54716981132076, "percent_covered_display": "68", "missing_lines": 86, "excluded_lines": 2}, "missing_lines": [99, 142, 143, 144, 146, 147, 149, 150, 165, 175, 176, 177, 178, 179, 180, 181, 183, 184, 185, 187, 188, 198, 199, 200, 201, 202, 203, 205, 206, 207, 209, 210, 230, 236, 247, 248, 249, 250, 252, 253, 254, 256, 257, 258, 260, 261, 262, 263, 264, 265, 267, 268, 271, 272, 273, 283, 284, 285, 286, 287, 288, 290, 291, 292, 317, 328, 329, 364, 365, 367, 368, 370, 372, 394, 396, 450, 451, 452, 454, 455, 456, 503, 515, 524, 528, 529], "excluded_lines": [13, 14], "functions": {"DisplayFormatter.__init__": {"executed_lines": [33], "summary": {"covered_lines": 1, "num_statements": 1, "percent_covered": 100.0, "percent_covered_display": "100", "missing_lines": 0, "excluded_lines": 0}, "missing_lines": [], "excluded_lines": []}, "DisplayFormatter.describe": {"executed_lines": [80, 82, 83, 84, 85, 88, 89, 92, 93, 94, 97, 98, 100, 104, 107, 108, 112, 113, 115, 116, 118, 119, 120, 121, 124, 125, 126, 128, 130, 133, 134, 135, 137, 138, 139, 141, 153, 154, 155, 156, 158, 159, 160, 162, 163, 164, 167, 168, 171, 172, 173, 174, 190, 191, 194, 195, 196, 197, 212, 213, 216, 217, 218, 219, 220, 221, 222, 223, 225, 226, 227, 229, 231, 233, 234, 235, 237, 239, 240, 243, 244, 245, 246, 275, 276, 279, 280, 281, 282, 294, 295, 298, 299, 300, 301, 302, 303, 304, 305, 307, 308, 309, 310, 312, 313, 314, 316, 319, 322, 325, 326], "summary": {"covered_lines": 111, "num_statements": 178, "percent_covered": 62.359550561797754, "percent_covered_display": "62", "missing_lines": 67, "excluded_lines": 0}, "missing_lines": [99, 142, 143, 144, 146, 147, 149, 150, 165, 175, 176, 177, 178, 179, 180, 181, 183, 184, 185, 187, 188, 198, 199, 200, 201, 202, 203, 205, 206, 207, 209, 210, 230, 236, 247, 248, 249, 250, 252, 253, 254, 256, 257, 258, 260, 261, 262, 263, 264, 265, 267, 268, 271, 272, 273, 283, 284, 285, 286, 287, 288, 290, 291, 292, 317, 328, 329], "excluded_lines": []}, "DisplayFormatter._format_timestamp": {"executed_lines": [344, 346, 349, 352, 355, 356, 358, 362, 363], "summary": {"covered_lines": 9, "num_statements": 15, "percent_covered": 60.0, "percent_covered_display": "60", "missing_lines": 6, "excluded_lines": 0}, "missing_lines": [364, 365, 367, 368, 370, 372], "excluded_lines": []}, "DisplayFormatter._format_datetime_for_display": {"executed_lines": [387, 388, 390], "summary": {"covered_lines": 3, "num_statements": 5, "percent_covered": 60.0, "percent_covered_display": "60", "missing_lines": 2, "excluded_lines": 0}, "missing_lines": [394, 396], "excluded_lines": []}, "DisplayFormatter._format_metadata_value": {"executed_lines": [419, 420, 421, 423, 424, 425, 428, 429, 430, 432, 433, 434, 435, 438, 439, 440, 443, 444, 445, 446, 447], "summary": {"covered_lines": 21, "num_statements": 27, "percent_covered": 77.77777777777777, "percent_covered_display": "78", "missing_lines": 6, "excluded_lines": 0}, "missing_lines": [450, 451, 452, 454, 455, 456], "excluded_lines": []}, "DisplayFormatter._format_filesize": {"executed_lines": [473, 474, 475, 477, 478, 479, 482, 483, 485], "summary": {"covered_lines": 9, "num_statements": 9, "percent_covered": 100.0, "percent_covered_display": "100", "missing_lines": 0, "excluded_lines": 0}, "missing_lines": [], "excluded_lines": []}, "DisplayFormatter._get_item_filesize": {"executed_lines": [502, 505, 508, 509, 510, 511, 512, 513, 518, 521, 522, 527], "summary": {"covered_lines": 12, "num_statements": 17, "percent_covered": 70.58823529411765, "percent_covered_display": "71", "missing_lines": 5, "excluded_lines": 0}, "missing_lines": [503, 515, 524, 528, 529], "excluded_lines": []}, "": {"executed_lines": [1, 8, 9, 10, 11, 13, 16, 19, 20, 27, 35, 331, 374, 398, 458, 487], "summary": {"covered_lines": 13, "num_statements": 13, "percent_covered": 100.0, "percent_covered_display": "100", "missing_lines": 0, "excluded_lines": 2}, "missing_lines": [], "excluded_lines": [13, 14]}}, "classes": {"DisplayFormatter": {"executed_lines": [33, 80, 82, 83, 84, 85, 88, 89, 92, 93, 94, 97, 98, 100, 104, 107, 108, 112, 113, 115, 116, 118, 119, 120, 121, 124, 125, 126, 128, 130, 133, 134, 135, 137, 138, 139, 141, 153, 154, 155, 156, 158, 159, 160, 162, 163, 164, 167, 168, 171, 172, 173, 174, 190, 191, 194, 195, 196, 197, 212, 213, 216, 217, 218, 219, 220, 221, 222, 223, 225, 226, 227, 229, 231, 233, 234, 235, 237, 239, 240, 243, 244, 245, 246, 275, 276, 279, 280, 281, 282, 294, 295, 298, 299, 300, 301, 302, 303, 304, 305, 307, 308, 309, 310, 312, 313, 314, 316, 319, 322, 325, 326, 344, 346, 349, 352, 355, 356, 358, 362, 363, 387, 388, 390, 419, 420, 421, 423, 424, 425, 428, 429, 430, 432, 433, 434, 435, 438, 439, 440, 443, 444, 445, 446, 447, 473, 474, 475, 477, 478, 479, 482, 483, 485, 502, 505, 508, 509, 510, 511, 512, 513, 518, 521, 522, 527], "summary": {"covered_lines": 166, "num_statements": 252, "percent_covered": 65.87301587301587, "percent_covered_display": "66", "missing_lines": 86, "excluded_lines": 0}, "missing_lines": [99, 142, 143, 144, 146, 147, 149, 150, 165, 175, 176, 177, 178, 179, 180, 181, 183, 184, 185, 187, 188, 198, 199, 200, 201, 202, 203, 205, 206, 207, 209, 210, 230, 236, 247, 248, 249, 250, 252, 253, 254, 256, 257, 258, 260, 261, 262, 263, 264, 265, 267, 268, 271, 272, 273, 283, 284, 285, 286, 287, 288, 290, 291, 292, 317, 328, 329, 364, 365, 367, 368, 370, 372, 394, 396, 450, 451, 452, 454, 455, 456, 503, 515, 524, 528, 529], "excluded_lines": []}, "": {"executed_lines": [1, 8, 9, 10, 11, 13, 16, 19, 20, 27, 35, 331, 374, 398, 458, 487], "summary": {"covered_lines": 13, "num_statements": 13, "percent_covered": 100.0, "percent_covered_display": "100", "missing_lines": 0, "excluded_lines": 2}, "missing_lines": [], "excluded_lines": [13, 14]}}}, "src/datafolio/folio.py": {"executed_lines": [1, 3, 4, 5, 7, 8, 11, 12, 13, 14, 15, 16, 17, 32, 35, 36, 73, 111, 114, 117, 118, 121, 124, 127, 128, 129, 131, 135, 137, 138, 139, 140, 142, 145, 148, 161, 162, 163, 164, 165, 168, 169, 170, 173, 174, 175, 176, 177, 178, 181, 182, 184, 189, 192, 194, 198, 222, 237, 253, 282, 309, 319, 332, 365, 399, 475, 515, 554, 594, 608, 624, 651, 653, 655, 691, 694, 708, 709, 711, 718, 766, 767, 768, 769, 772, 773, 774, 776, 779, 780, 781, 783, 786, 787, 788, 789, 795, 797, 799, 804, 806, 808, 809, 813, 814, 817, 820, 824, 830, 834, 835, 839, 840, 841, 842, 845, 849, 851, 853, 855, 857, 858, 860, 886, 889, 892, 893, 898, 902, 919, 922, 927, 932, 937, 942, 947, 952, 957, 963, 974, 975, 994, 995, 1013, 1014, 1032, 1033, 1051, 1052, 1076, 1078, 1079, 1097, 1100, 1104, 1106, 1108, 1109, 1110, 1112, 1124, 1125, 1131, 1171, 1174, 1175, 1177, 1180, 1181, 1184, 1194, 1195, 1196, 1197, 1198, 1199, 1201, 1204, 1206, 1208, 1251, 1252, 1257, 1258, 1261, 1270, 1271, 1272, 1273, 1275, 1278, 1280, 1282, 1309, 1312, 1313, 1315, 1316, 1319, 1323, 1324, 1325, 1327, 1346, 1347, 1349, 1350, 1352, 1353, 1357, 1358, 1362, 1388, 1390, 1393, 1394, 1396, 1397, 1401, 1438, 1477, 1519, 1520, 1525, 1527, 1528, 1531, 1536, 1537, 1538, 1539, 1541, 1542, 1544, 1546, 1586, 1602, 1606, 1625, 1628, 1629, 1635, 1637, 1638, 1639, 1641, 1669, 1671, 1672, 1674, 1675, 1678, 1679, 1685, 1775, 1832, 1865, 1866, 1871, 1873, 1874, 1877, 1880, 1881, 1883, 1884, 1886, 1888, 1906, 1908, 1909, 1911, 1912, 1918, 1920, 1921, 1922, 1924, 1965, 1966, 1971, 1972, 1975, 1984, 1985, 1987, 1990, 1992, 1994, 2016, 2018, 2019, 2021, 2022, 2023, 2028, 2029, 2030, 2032, 2072, 2073, 2078, 2080, 2081, 2084, 2087, 2088, 2090, 2091, 2093, 2095, 2116, 2118, 2119, 2121, 2122, 2123, 2128, 2130, 2131, 2132, 2134, 2186, 2187, 2192, 2194, 2195, 2198, 2203, 2204, 2206, 2207, 2209, 2211, 2241, 2243, 2244, 2246, 2247, 2248, 2253, 2255, 2256, 2257, 2259, 2303, 2304, 2305, 2306, 2309, 2310, 2315, 2317, 2321, 2322, 2324, 2325, 2334, 2342, 2343, 2345, 2347, 2373, 2374, 2376, 2377, 2380, 2387, 2388, 2394, 2396, 2397, 2398, 2407, 2434, 2437, 2440, 2441, 2442, 2445, 2446, 2447, 2450, 2451, 2452, 2453, 2461, 2463, 2464, 2465, 2472, 2475, 2477, 2481, 2500, 2502, 2503, 2505, 2506, 2509, 2510, 2512, 2514, 2533, 2535, 2538, 2539, 2541, 2542, 2544, 2545, 2546, 2548, 2550, 2562, 2564, 2565, 2566, 2567, 2571, 2619, 2621, 2622, 2625, 2626, 2627, 2629, 2634, 2635, 2636, 2637, 2638, 2641, 2642, 2643, 2645, 2649, 2651, 2654, 2657, 2658, 2666, 2668, 2670, 2673, 2676, 2677, 2684, 2686, 2688, 2691, 2694, 2695, 2702, 2705, 2707], "summary": {"covered_lines": 454, "num_statements": 764, "percent_covered": 59.424083769633505, "percent_covered_display": "59", "missing_lines": 310, "excluded_lines": 0}, "missing_lines": [150, 151, 152, 153, 154, 207, 210, 211, 213, 215, 216, 217, 218, 220, 230, 233, 235, 246, 248, 251, 260, 262, 266, 267, 270, 271, 272, 274, 275, 276, 277, 279, 280, 291, 293, 294, 296, 297, 298, 300, 301, 302, 303, 304, 306, 307, 317, 328, 330, 339, 341, 343, 345, 346, 347, 348, 350, 352, 353, 354, 356, 357, 358, 359, 361, 363, 374, 376, 378, 380, 382, 383, 384, 386, 387, 388, 389, 390, 391, 392, 393, 394, 395, 397, 419, 420, 421, 422, 428, 436, 437, 440, 441, 442, 444, 445, 446, 451, 453, 455, 456, 457, 458, 460, 462, 463, 464, 466, 467, 468, 469, 471, 473, 484, 485, 486, 487, 492, 494, 496, 498, 499, 500, 502, 503, 504, 505, 506, 507, 508, 509, 510, 511, 513, 522, 523, 524, 525, 530, 532, 534, 535, 536, 537, 539, 541, 542, 543, 545, 546, 547, 548, 550, 552, 563, 564, 565, 566, 571, 573, 575, 577, 578, 579, 581, 582, 583, 584, 585, 586, 587, 588, 589, 590, 592, 602, 603, 606, 618, 619, 622, 631, 632, 634, 635, 636, 637, 638, 640, 641, 642, 643, 645, 647, 696, 698, 699, 700, 702, 703, 704, 705, 719, 721, 724, 725, 726, 728, 729, 730, 731, 733, 734, 735, 741, 742, 743, 744, 745, 747, 748, 749, 752, 753, 755, 760, 791, 831, 837, 846, 896, 988, 1007, 1026, 1045, 1101, 1320, 1360, 1391, 1399, 1425, 1427, 1428, 1430, 1431, 1432, 1436, 1464, 1466, 1467, 1469, 1470, 1471, 1475, 1587, 1588, 1590, 1591, 1598, 1599, 1626, 1630, 1680, 1681, 1683, 1744, 1745, 1750, 1752, 1753, 1756, 1761, 1762, 1763, 1764, 1765, 1766, 1767, 1768, 1770, 1771, 1773, 1816, 1817, 1819, 1820, 1821, 1826, 1828, 1829, 1830, 1913, 2399, 2401, 2466, 2469, 2536, 2647, 2661, 2662, 2663, 2664, 2679, 2680, 2681, 2682, 2697, 2698, 2699, 2700], "excluded_lines": [], "functions": {"DataFolio.__init__": {"executed_lines": [111, 114, 117, 118, 121, 124, 127, 128, 129, 131, 135, 137, 138, 139, 140, 142, 145, 148, 161, 162, 163, 164, 165, 168, 169, 170, 173, 174, 175, 176, 177, 178, 181, 182, 184, 189, 192, 194], "summary": {"covered_lines": 38, "num_statements": 43, "percent_covered": 88.37209302325581, "percent_covered_display": "88", "missing_lines": 5, "excluded_lines": 0}, "missing_lines": [150, 151, 152, 153, 154], "excluded_lines": []}, "DataFolio._exists": {"executed_lines": [], "summary": {"covered_lines": 0, "num_statements": 9, "percent_covered": 0.0, "percent_covered_display": "0", "missing_lines": 9, "excluded_lines": 0}, "missing_lines": [207, 210, 211, 213, 215, 216, 217, 218, 220], "excluded_lines": []}, "DataFolio._mkdir": {"executed_lines": [], "summary": {"covered_lines": 0, "num_statements": 3, "percent_covered": 0.0, "percent_covered_display": "0", "missing_lines": 3, "excluded_lines": 0}, "missing_lines": [230, 233, 235], "excluded_lines": []}, "DataFolio._join_paths": {"executed_lines": [], "summary": {"covered_lines": 0, "num_statements": 3, "percent_covered": 0.0, "percent_covered_display": "0", "missing_lines": 3, "excluded_lines": 0}, "missing_lines": [246, 248, 251], "excluded_lines": []}, "DataFolio._write_json": {"executed_lines": [], "summary": {"covered_lines": 0, "num_statements": 13, "percent_covered": 0.0, "percent_covered_display": "0", "missing_lines": 13, "excluded_lines": 0}, "missing_lines": [260, 262, 266, 267, 270, 271, 272, 274, 275, 276, 277, 279, 280], "excluded_lines": []}, "DataFolio._read_json": {"executed_lines": [], "summary": {"covered_lines": 0, "num_statements": 13, "percent_covered": 0.0, "percent_covered_display": "0", "missing_lines": 13, "excluded_lines": 0}, "missing_lines": [291, 293, 294, 296, 297, 298, 300, 301, 302, 303, 304, 306, 307], "excluded_lines": []}, "DataFolio._write_parquet": {"executed_lines": [], "summary": {"covered_lines": 0, "num_statements": 1, "percent_covered": 0.0, "percent_covered_display": "0", "missing_lines": 1, "excluded_lines": 0}, "missing_lines": [317], "excluded_lines": []}, "DataFolio._read_parquet": {"executed_lines": [], "summary": {"covered_lines": 0, "num_statements": 2, "percent_covered": 0.0, "percent_covered_display": "0", "missing_lines": 2, "excluded_lines": 0}, "missing_lines": [328, 330], "excluded_lines": []}, "DataFolio._write_joblib": {"executed_lines": [], "summary": {"covered_lines": 0, "num_statements": 17, "percent_covered": 0.0, "percent_covered_display": "0", "missing_lines": 17, "excluded_lines": 0}, "missing_lines": [339, 341, 343, 345, 346, 347, 348, 350, 352, 353, 354, 356, 357, 358, 359, 361, 363], "excluded_lines": []}, "DataFolio._read_joblib": {"executed_lines": [], "summary": {"covered_lines": 0, "num_statements": 18, "percent_covered": 0.0, "percent_covered_display": "0", "missing_lines": 18, "excluded_lines": 0}, "missing_lines": [374, 376, 378, 380, 382, 383, 384, 386, 387, 388, 389, 390, 391, 392, 393, 394, 395, 397], "excluded_lines": []}, "DataFolio._write_pytorch": {"executed_lines": [], "summary": {"covered_lines": 0, "num_statements": 29, "percent_covered": 0.0, "percent_covered_display": "0", "missing_lines": 29, "excluded_lines": 0}, "missing_lines": [419, 420, 421, 422, 428, 436, 437, 440, 441, 442, 444, 445, 446, 451, 453, 455, 456, 457, 458, 460, 462, 463, 464, 466, 467, 468, 469, 471, 473], "excluded_lines": []}, "DataFolio._read_pytorch": {"executed_lines": [], "summary": {"covered_lines": 0, "num_statements": 21, "percent_covered": 0.0, "percent_covered_display": "0", "missing_lines": 21, "excluded_lines": 0}, "missing_lines": [484, 485, 486, 487, 492, 494, 496, 498, 499, 500, 502, 503, 504, 505, 506, 507, 508, 509, 510, 511, 513], "excluded_lines": []}, "DataFolio._write_numpy": {"executed_lines": [], "summary": {"covered_lines": 0, "num_statements": 20, "percent_covered": 0.0, "percent_covered_display": "0", "missing_lines": 20, "excluded_lines": 0}, "missing_lines": [522, 523, 524, 525, 530, 532, 534, 535, 536, 537, 539, 541, 542, 543, 545, 546, 547, 548, 550, 552], "excluded_lines": []}, "DataFolio._read_numpy": {"executed_lines": [], "summary": {"covered_lines": 0, "num_statements": 21, "percent_covered": 0.0, "percent_covered_display": "0", "missing_lines": 21, "excluded_lines": 0}, "missing_lines": [563, 564, 565, 566, 571, 573, 575, 577, 578, 579, 581, 582, 583, 584, 585, 586, 587, 588, 589, 590, 592], "excluded_lines": []}, "DataFolio._write_timestamp": {"executed_lines": [], "summary": {"covered_lines": 0, "num_statements": 3, "percent_covered": 0.0, "percent_covered_display": "0", "missing_lines": 3, "excluded_lines": 0}, "missing_lines": [602, 603, 606], "excluded_lines": []}, "DataFolio._read_timestamp": {"executed_lines": [], "summary": {"covered_lines": 0, "num_statements": 3, "percent_covered": 0.0, "percent_covered_display": "0", "missing_lines": 3, "excluded_lines": 0}, "missing_lines": [618, 619, 622], "excluded_lines": []}, "DataFolio._copy_file": {"executed_lines": [], "summary": {"covered_lines": 0, "num_statements": 13, "percent_covered": 0.0, "percent_covered_display": "0", "missing_lines": 13, "excluded_lines": 0}, "missing_lines": [631, 632, 634, 635, 636, 637, 638, 640, 641, 642, 643, 645, 647], "excluded_lines": []}, "DataFolio._write_readme": {"executed_lines": [653, 655, 691, 694, 708, 709], "summary": {"covered_lines": 6, "num_statements": 14, "percent_covered": 42.857142857142854, "percent_covered_display": "43", "missing_lines": 8, "excluded_lines": 0}, "missing_lines": [696, 698, 699, 700, 702, 703, 704, 705], "excluded_lines": []}, "DataFolio._initialize_bundle": {"executed_lines": [718, 766, 767, 768, 769, 772, 773, 774], "summary": {"covered_lines": 8, "num_statements": 32, "percent_covered": 25.0, "percent_covered_display": "25", "missing_lines": 24, "excluded_lines": 0}, "missing_lines": [719, 721, 724, 725, 726, 728, 729, 730, 731, 733, 734, 735, 741, 742, 743, 744, 745, 747, 748, 749, 752, 753, 755, 760], "excluded_lines": []}, "DataFolio._load_manifests": {"executed_lines": [779, 780, 781, 783, 786, 787, 788, 789], "summary": {"covered_lines": 8, "num_statements": 9, "percent_covered": 88.88888888888889, "percent_covered_display": "89", "missing_lines": 1, "excluded_lines": 0}, "missing_lines": [791], "excluded_lines": []}, "DataFolio._save_metadata": {"executed_lines": [797, 799, 804], "summary": {"covered_lines": 3, "num_statements": 3, "percent_covered": 100.0, "percent_covered_display": "100", "missing_lines": 0, "excluded_lines": 0}, "missing_lines": [], "excluded_lines": []}, "DataFolio._save_items": {"executed_lines": [808, 809, 813, 814, 817, 820], "summary": {"covered_lines": 6, "num_statements": 6, "percent_covered": 100.0, "percent_covered_display": "100", "missing_lines": 0, "excluded_lines": 0}, "missing_lines": [], "excluded_lines": []}, "DataFolio._check_if_stale": {"executed_lines": [830, 834, 835, 839, 840, 841, 842, 845, 849, 851, 853], "summary": {"covered_lines": 11, "num_statements": 14, "percent_covered": 78.57142857142857, "percent_covered_display": "79", "missing_lines": 3, "excluded_lines": 0}, "missing_lines": [831, 837, 846], "excluded_lines": []}, "DataFolio._refresh_if_needed": {"executed_lines": [857, 858], "summary": {"covered_lines": 2, "num_statements": 2, "percent_covered": 100.0, "percent_covered_display": "100", "missing_lines": 0, "excluded_lines": 0}, "missing_lines": [], "excluded_lines": []}, "DataFolio.refresh": {"executed_lines": [886, 889, 892, 893, 898], "summary": {"covered_lines": 5, "num_statements": 6, "percent_covered": 83.33333333333333, "percent_covered_display": "83", "missing_lines": 1, "excluded_lines": 0}, "missing_lines": [896], "excluded_lines": []}, "DataFolio.list_contents": {"executed_lines": [919, 922, 927, 932, 937, 942, 947, 952, 957, 963], "summary": {"covered_lines": 10, "num_statements": 10, "percent_covered": 100.0, "percent_covered_display": "100", "missing_lines": 0, "excluded_lines": 0}, "missing_lines": [], "excluded_lines": []}, "DataFolio.tables": {"executed_lines": [], "summary": {"covered_lines": 0, "num_statements": 1, "percent_covered": 0.0, "percent_covered_display": "0", "missing_lines": 1, "excluded_lines": 0}, "missing_lines": [988], "excluded_lines": []}, "DataFolio.models": {"executed_lines": [], "summary": {"covered_lines": 0, "num_statements": 1, "percent_covered": 0.0, "percent_covered_display": "0", "missing_lines": 1, "excluded_lines": 0}, "missing_lines": [1007], "excluded_lines": []}, "DataFolio.pytorch_models": {"executed_lines": [], "summary": {"covered_lines": 0, "num_statements": 1, "percent_covered": 0.0, "percent_covered_display": "0", "missing_lines": 1, "excluded_lines": 0}, "missing_lines": [1026], "excluded_lines": []}, "DataFolio.artifacts": {"executed_lines": [], "summary": {"covered_lines": 0, "num_statements": 1, "percent_covered": 0.0, "percent_covered_display": "0", "missing_lines": 1, "excluded_lines": 0}, "missing_lines": [1045], "excluded_lines": []}, "DataFolio.data": {"executed_lines": [1076], "summary": {"covered_lines": 1, "num_statements": 1, "percent_covered": 100.0, "percent_covered_display": "100", "missing_lines": 0, "excluded_lines": 0}, "missing_lines": [], "excluded_lines": []}, "DataFolio.path": {"executed_lines": [1097, 1100, 1104], "summary": {"covered_lines": 3, "num_statements": 4, "percent_covered": 75.0, "percent_covered_display": "75", "missing_lines": 1, "excluded_lines": 0}, "missing_lines": [1101], "excluded_lines": []}, "DataFolio.__repr__": {"executed_lines": [1108, 1109, 1110], "summary": {"covered_lines": 3, "num_statements": 3, "percent_covered": 100.0, "percent_covered_display": "100", "missing_lines": 0, "excluded_lines": 0}, "missing_lines": [], "excluded_lines": []}, "DataFolio.describe": {"executed_lines": [1124, 1125], "summary": {"covered_lines": 2, "num_statements": 2, "percent_covered": 100.0, "percent_covered_display": "100", "missing_lines": 0, "excluded_lines": 0}, "missing_lines": [], "excluded_lines": []}, "DataFolio.reference_table": {"executed_lines": [1171, 1174, 1175, 1177, 1180, 1181, 1184, 1194, 1195, 1196, 1197, 1198, 1199, 1201, 1204, 1206], "summary": {"covered_lines": 16, "num_statements": 16, "percent_covered": 100.0, "percent_covered_display": "100", "missing_lines": 0, "excluded_lines": 0}, "missing_lines": [], "excluded_lines": []}, "DataFolio.add_table": {"executed_lines": [1251, 1252, 1257, 1258, 1261, 1270, 1271, 1272, 1273, 1275, 1278, 1280], "summary": {"covered_lines": 12, "num_statements": 12, "percent_covered": 100.0, "percent_covered_display": "100", "missing_lines": 0, "excluded_lines": 0}, "missing_lines": [], "excluded_lines": []}, "DataFolio.get_table": {"executed_lines": [1309, 1312, 1313, 1315, 1316, 1319, 1323, 1324, 1325], "summary": {"covered_lines": 9, "num_statements": 10, "percent_covered": 90.0, "percent_covered_display": "90", "missing_lines": 1, "excluded_lines": 0}, "missing_lines": [1320], "excluded_lines": []}, "DataFolio.get_data_path": {"executed_lines": [1346, 1347, 1349, 1350, 1352, 1353, 1357, 1358], "summary": {"covered_lines": 8, "num_statements": 9, "percent_covered": 88.88888888888889, "percent_covered_display": "89", "missing_lines": 1, "excluded_lines": 0}, "missing_lines": [1360], "excluded_lines": []}, "DataFolio.get_table_info": {"executed_lines": [1388, 1390, 1393, 1394, 1396, 1397], "summary": {"covered_lines": 6, "num_statements": 8, "percent_covered": 75.0, "percent_covered_display": "75", "missing_lines": 2, "excluded_lines": 0}, "missing_lines": [1391, 1399], "excluded_lines": []}, "DataFolio.get_model_info": {"executed_lines": [], "summary": {"covered_lines": 0, "num_statements": 7, "percent_covered": 0.0, "percent_covered_display": "0", "missing_lines": 7, "excluded_lines": 0}, "missing_lines": [1425, 1427, 1428, 1430, 1431, 1432, 1436], "excluded_lines": []}, "DataFolio.get_artifact_info": {"executed_lines": [], "summary": {"covered_lines": 0, "num_statements": 7, "percent_covered": 0.0, "percent_covered_display": "0", "missing_lines": 7, "excluded_lines": 0}, "missing_lines": [1464, 1466, 1467, 1469, 1470, 1471, 1475], "excluded_lines": []}, "DataFolio.add_sklearn": {"executed_lines": [1519, 1520, 1525, 1527, 1528, 1531, 1536, 1537, 1538, 1539, 1541, 1542, 1544], "summary": {"covered_lines": 13, "num_statements": 13, "percent_covered": 100.0, "percent_covered_display": "100", "missing_lines": 0, "excluded_lines": 0}, "missing_lines": [], "excluded_lines": []}, "DataFolio.add_model": {"executed_lines": [1586, 1602], "summary": {"covered_lines": 2, "num_statements": 8, "percent_covered": 25.0, "percent_covered_display": "25", "missing_lines": 6, "excluded_lines": 0}, "missing_lines": [1587, 1588, 1590, 1591, 1598, 1599], "excluded_lines": []}, "DataFolio.get_sklearn": {"executed_lines": [1625, 1628, 1629, 1635, 1637, 1638, 1639], "summary": {"covered_lines": 7, "num_statements": 9, "percent_covered": 77.77777777777777, "percent_covered_display": "78", "missing_lines": 2, "excluded_lines": 0}, "missing_lines": [1626, 1630], "excluded_lines": []}, "DataFolio.get_model": {"executed_lines": [1669, 1671, 1672, 1674, 1675, 1678, 1679], "summary": {"covered_lines": 7, "num_statements": 10, "percent_covered": 70.0, "percent_covered_display": "70", "missing_lines": 3, "excluded_lines": 0}, "missing_lines": [1680, 1681, 1683], "excluded_lines": []}, "DataFolio.add_pytorch": {"executed_lines": [], "summary": {"covered_lines": 0, "num_statements": 17, "percent_covered": 0.0, "percent_covered_display": "0", "missing_lines": 17, "excluded_lines": 0}, "missing_lines": [1744, 1745, 1750, 1752, 1753, 1756, 1761, 1762, 1763, 1764, 1765, 1766, 1767, 1768, 1770, 1771, 1773], "excluded_lines": []}, "DataFolio.get_pytorch": {"executed_lines": [], "summary": {"covered_lines": 0, "num_statements": 9, "percent_covered": 0.0, "percent_covered_display": "0", "missing_lines": 9, "excluded_lines": 0}, "missing_lines": [1816, 1817, 1819, 1820, 1821, 1826, 1828, 1829, 1830], "excluded_lines": []}, "DataFolio.add_artifact": {"executed_lines": [1865, 1866, 1871, 1873, 1874, 1877, 1880, 1881, 1883, 1884, 1886], "summary": {"covered_lines": 11, "num_statements": 11, "percent_covered": 100.0, "percent_covered_display": "100", "missing_lines": 0, "excluded_lines": 0}, "missing_lines": [], "excluded_lines": []}, "DataFolio.get_artifact_path": {"executed_lines": [1906, 1908, 1909, 1911, 1912, 1918, 1920, 1921, 1922], "summary": {"covered_lines": 9, "num_statements": 10, "percent_covered": 90.0, "percent_covered_display": "90", "missing_lines": 1, "excluded_lines": 0}, "missing_lines": [1913], "excluded_lines": []}, "DataFolio.add_numpy": {"executed_lines": [1965, 1966, 1971, 1972, 1975, 1984, 1985, 1987, 1990, 1992], "summary": {"covered_lines": 10, "num_statements": 10, "percent_covered": 100.0, "percent_covered_display": "100", "missing_lines": 0, "excluded_lines": 0}, "missing_lines": [], "excluded_lines": []}, "DataFolio.get_numpy": {"executed_lines": [2016, 2018, 2019, 2021, 2022, 2023, 2028, 2029, 2030], "summary": {"covered_lines": 9, "num_statements": 9, "percent_covered": 100.0, "percent_covered_display": "100", "missing_lines": 0, "excluded_lines": 0}, "missing_lines": [], "excluded_lines": []}, "DataFolio.add_json": {"executed_lines": [2072, 2073, 2078, 2080, 2081, 2084, 2087, 2088, 2090, 2091, 2093], "summary": {"covered_lines": 11, "num_statements": 11, "percent_covered": 100.0, "percent_covered_display": "100", "missing_lines": 0, "excluded_lines": 0}, "missing_lines": [], "excluded_lines": []}, "DataFolio.get_json": {"executed_lines": [2116, 2118, 2119, 2121, 2122, 2123, 2128, 2130, 2131, 2132], "summary": {"covered_lines": 10, "num_statements": 10, "percent_covered": 100.0, "percent_covered_display": "100", "missing_lines": 0, "excluded_lines": 0}, "missing_lines": [], "excluded_lines": []}, "DataFolio.add_timestamp": {"executed_lines": [2186, 2187, 2192, 2194, 2195, 2198, 2203, 2204, 2206, 2207, 2209], "summary": {"covered_lines": 11, "num_statements": 11, "percent_covered": 100.0, "percent_covered_display": "100", "missing_lines": 0, "excluded_lines": 0}, "missing_lines": [], "excluded_lines": []}, "DataFolio.get_timestamp": {"executed_lines": [2241, 2243, 2244, 2246, 2247, 2248, 2253, 2255, 2256, 2257], "summary": {"covered_lines": 10, "num_statements": 10, "percent_covered": 100.0, "percent_covered_display": "100", "missing_lines": 0, "excluded_lines": 0}, "missing_lines": [], "excluded_lines": []}, "DataFolio.add_data": {"executed_lines": [2303, 2304, 2305, 2306, 2309, 2310, 2315, 2317, 2321, 2322, 2324, 2325, 2334, 2342, 2343, 2345], "summary": {"covered_lines": 16, "num_statements": 16, "percent_covered": 100.0, "percent_covered_display": "100", "missing_lines": 0, "excluded_lines": 0}, "missing_lines": [], "excluded_lines": []}, "DataFolio.get_data": {"executed_lines": [2373, 2374, 2376, 2377, 2380, 2387, 2388, 2394, 2396, 2397, 2398], "summary": {"covered_lines": 11, "num_statements": 13, "percent_covered": 84.61538461538461, "percent_covered_display": "85", "missing_lines": 2, "excluded_lines": 0}, "missing_lines": [2399, 2401], "excluded_lines": []}, "DataFolio.delete": {"executed_lines": [2434, 2437, 2440, 2441, 2442, 2445, 2446, 2447, 2450, 2451, 2452, 2453, 2461, 2463, 2464, 2465, 2472, 2475, 2477], "summary": {"covered_lines": 19, "num_statements": 21, "percent_covered": 90.47619047619048, "percent_covered_display": "90", "missing_lines": 2, "excluded_lines": 0}, "missing_lines": [2466, 2469], "excluded_lines": []}, "DataFolio.get_inputs": {"executed_lines": [2500, 2502, 2503, 2505, 2506, 2509, 2510, 2512], "summary": {"covered_lines": 8, "num_statements": 8, "percent_covered": 100.0, "percent_covered_display": "100", "missing_lines": 0, "excluded_lines": 0}, "missing_lines": [], "excluded_lines": []}, "DataFolio.get_dependents": {"executed_lines": [2533, 2535, 2538, 2539, 2541, 2542, 2544, 2545, 2546, 2548], "summary": {"covered_lines": 10, "num_statements": 11, "percent_covered": 90.9090909090909, "percent_covered_display": "91", "missing_lines": 1, "excluded_lines": 0}, "missing_lines": [2536], "excluded_lines": []}, "DataFolio.get_lineage_graph": {"executed_lines": [2562, 2564, 2565, 2566, 2567], "summary": {"covered_lines": 5, "num_statements": 5, "percent_covered": 100.0, "percent_covered_display": "100", "missing_lines": 0, "excluded_lines": 0}, "missing_lines": [], "excluded_lines": []}, "DataFolio.copy": {"executed_lines": [2619, 2621, 2622, 2625, 2626, 2627, 2629, 2634, 2635, 2636, 2637, 2638, 2641, 2642, 2643, 2645, 2649, 2651, 2654, 2657, 2658, 2666, 2668, 2670, 2673, 2676, 2677, 2684, 2686, 2688, 2691, 2694, 2695, 2702, 2705, 2707], "summary": {"covered_lines": 36, "num_statements": 49, "percent_covered": 73.46938775510205, "percent_covered_display": "73", "missing_lines": 13, "excluded_lines": 0}, "missing_lines": [2647, 2661, 2662, 2663, 2664, 2679, 2680, 2681, 2682, 2697, 2698, 2699, 2700], "excluded_lines": []}, "": {"executed_lines": [1, 3, 4, 5, 7, 8, 11, 12, 13, 14, 15, 16, 17, 32, 35, 36, 73, 198, 222, 237, 253, 282, 309, 319, 332, 365, 399, 475, 515, 554, 594, 608, 624, 651, 711, 776, 795, 806, 824, 855, 860, 902, 974, 975, 994, 995, 1013, 1014, 1032, 1033, 1051, 1052, 1078, 1079, 1106, 1112, 1131, 1208, 1282, 1327, 1362, 1401, 1438, 1477, 1546, 1606, 1641, 1685, 1775, 1832, 1888, 1924, 1994, 2032, 2095, 2134, 2211, 2259, 2347, 2407, 2481, 2514, 2550, 2571], "summary": {"covered_lines": 82, "num_statements": 82, "percent_covered": 100.0, "percent_covered_display": "100", "missing_lines": 0, "excluded_lines": 0}, "missing_lines": [], "excluded_lines": []}}, "classes": {"DataFolio": {"executed_lines": [111, 114, 117, 118, 121, 124, 127, 128, 129, 131, 135, 137, 138, 139, 140, 142, 145, 148, 161, 162, 163, 164, 165, 168, 169, 170, 173, 174, 175, 176, 177, 178, 181, 182, 184, 189, 192, 194, 653, 655, 691, 694, 708, 709, 718, 766, 767, 768, 769, 772, 773, 774, 779, 780, 781, 783, 786, 787, 788, 789, 797, 799, 804, 808, 809, 813, 814, 817, 820, 830, 834, 835, 839, 840, 841, 842, 845, 849, 851, 853, 857, 858, 886, 889, 892, 893, 898, 919, 922, 927, 932, 937, 942, 947, 952, 957, 963, 1076, 1097, 1100, 1104, 1108, 1109, 1110, 1124, 1125, 1171, 1174, 1175, 1177, 1180, 1181, 1184, 1194, 1195, 1196, 1197, 1198, 1199, 1201, 1204, 1206, 1251, 1252, 1257, 1258, 1261, 1270, 1271, 1272, 1273, 1275, 1278, 1280, 1309, 1312, 1313, 1315, 1316, 1319, 1323, 1324, 1325, 1346, 1347, 1349, 1350, 1352, 1353, 1357, 1358, 1388, 1390, 1393, 1394, 1396, 1397, 1519, 1520, 1525, 1527, 1528, 1531, 1536, 1537, 1538, 1539, 1541, 1542, 1544, 1586, 1602, 1625, 1628, 1629, 1635, 1637, 1638, 1639, 1669, 1671, 1672, 1674, 1675, 1678, 1679, 1865, 1866, 1871, 1873, 1874, 1877, 1880, 1881, 1883, 1884, 1886, 1906, 1908, 1909, 1911, 1912, 1918, 1920, 1921, 1922, 1965, 1966, 1971, 1972, 1975, 1984, 1985, 1987, 1990, 1992, 2016, 2018, 2019, 2021, 2022, 2023, 2028, 2029, 2030, 2072, 2073, 2078, 2080, 2081, 2084, 2087, 2088, 2090, 2091, 2093, 2116, 2118, 2119, 2121, 2122, 2123, 2128, 2130, 2131, 2132, 2186, 2187, 2192, 2194, 2195, 2198, 2203, 2204, 2206, 2207, 2209, 2241, 2243, 2244, 2246, 2247, 2248, 2253, 2255, 2256, 2257, 2303, 2304, 2305, 2306, 2309, 2310, 2315, 2317, 2321, 2322, 2324, 2325, 2334, 2342, 2343, 2345, 2373, 2374, 2376, 2377, 2380, 2387, 2388, 2394, 2396, 2397, 2398, 2434, 2437, 2440, 2441, 2442, 2445, 2446, 2447, 2450, 2451, 2452, 2453, 2461, 2463, 2464, 2465, 2472, 2475, 2477, 2500, 2502, 2503, 2505, 2506, 2509, 2510, 2512, 2533, 2535, 2538, 2539, 2541, 2542, 2544, 2545, 2546, 2548, 2562, 2564, 2565, 2566, 2567, 2619, 2621, 2622, 2625, 2626, 2627, 2629, 2634, 2635, 2636, 2637, 2638, 2641, 2642, 2643, 2645, 2649, 2651, 2654, 2657, 2658, 2666, 2668, 2670, 2673, 2676, 2677, 2684, 2686, 2688, 2691, 2694, 2695, 2702, 2705, 2707], "summary": {"covered_lines": 372, "num_statements": 682, "percent_covered": 54.54545454545455, "percent_covered_display": "55", "missing_lines": 310, "excluded_lines": 0}, "missing_lines": [150, 151, 152, 153, 154, 207, 210, 211, 213, 215, 216, 217, 218, 220, 230, 233, 235, 246, 248, 251, 260, 262, 266, 267, 270, 271, 272, 274, 275, 276, 277, 279, 280, 291, 293, 294, 296, 297, 298, 300, 301, 302, 303, 304, 306, 307, 317, 328, 330, 339, 341, 343, 345, 346, 347, 348, 350, 352, 353, 354, 356, 357, 358, 359, 361, 363, 374, 376, 378, 380, 382, 383, 384, 386, 387, 388, 389, 390, 391, 392, 393, 394, 395, 397, 419, 420, 421, 422, 428, 436, 437, 440, 441, 442, 444, 445, 446, 451, 453, 455, 456, 457, 458, 460, 462, 463, 464, 466, 467, 468, 469, 471, 473, 484, 485, 486, 487, 492, 494, 496, 498, 499, 500, 502, 503, 504, 505, 506, 507, 508, 509, 510, 511, 513, 522, 523, 524, 525, 530, 532, 534, 535, 536, 537, 539, 541, 542, 543, 545, 546, 547, 548, 550, 552, 563, 564, 565, 566, 571, 573, 575, 577, 578, 579, 581, 582, 583, 584, 585, 586, 587, 588, 589, 590, 592, 602, 603, 606, 618, 619, 622, 631, 632, 634, 635, 636, 637, 638, 640, 641, 642, 643, 645, 647, 696, 698, 699, 700, 702, 703, 704, 705, 719, 721, 724, 725, 726, 728, 729, 730, 731, 733, 734, 735, 741, 742, 743, 744, 745, 747, 748, 749, 752, 753, 755, 760, 791, 831, 837, 846, 896, 988, 1007, 1026, 1045, 1101, 1320, 1360, 1391, 1399, 1425, 1427, 1428, 1430, 1431, 1432, 1436, 1464, 1466, 1467, 1469, 1470, 1471, 1475, 1587, 1588, 1590, 1591, 1598, 1599, 1626, 1630, 1680, 1681, 1683, 1744, 1745, 1750, 1752, 1753, 1756, 1761, 1762, 1763, 1764, 1765, 1766, 1767, 1768, 1770, 1771, 1773, 1816, 1817, 1819, 1820, 1821, 1826, 1828, 1829, 1830, 1913, 2399, 2401, 2466, 2469, 2536, 2647, 2661, 2662, 2663, 2664, 2679, 2680, 2681, 2682, 2697, 2698, 2699, 2700], "excluded_lines": []}, "": {"executed_lines": [1, 3, 4, 5, 7, 8, 11, 12, 13, 14, 15, 16, 17, 32, 35, 36, 73, 198, 222, 237, 253, 282, 309, 319, 332, 365, 399, 475, 515, 554, 594, 608, 624, 651, 711, 776, 795, 806, 824, 855, 860, 902, 974, 975, 994, 995, 1013, 1014, 1032, 1033, 1051, 1052, 1078, 1079, 1106, 1112, 1131, 1208, 1282, 1327, 1362, 1401, 1438, 1477, 1546, 1606, 1641, 1685, 1775, 1832, 1888, 1924, 1994, 2032, 2095, 2134, 2211, 2259, 2347, 2407, 2481, 2514, 2550, 2571], "summary": {"covered_lines": 82, "num_statements": 82, "percent_covered": 100.0, "percent_covered_display": "100", "missing_lines": 0, "excluded_lines": 0}, "missing_lines": [], "excluded_lines": []}}}, "src/datafolio/handlers/__init__.py": {"executed_lines": [1, 28, 29, 30, 31, 32, 33, 34, 35, 40, 41, 42, 43, 44, 45, 46, 47, 50, 51, 52, 53, 54, 55, 56, 57, 60], "summary": {"covered_lines": 25, "num_statements": 25, "percent_covered": 100.0, "percent_covered_display": "100", "missing_lines": 0, "excluded_lines": 0}, "missing_lines": [], "excluded_lines": [], "functions": {"": {"executed_lines": [1, 28, 29, 30, 31, 32, 33, 34, 35, 40, 41, 42, 43, 44, 45, 46, 47, 50, 51, 52, 53, 54, 55, 56, 57, 60], "summary": {"covered_lines": 25, "num_statements": 25, "percent_covered": 100.0, "percent_covered_display": "100", "missing_lines": 0, "excluded_lines": 0}, "missing_lines": [], "excluded_lines": []}}, "classes": {"": {"executed_lines": [1, 28, 29, 30, 31, 32, 33, 34, 35, 40, 41, 42, 43, 44, 45, 46, 47, 50, 51, 52, 53, 54, 55, 56, 57, 60], "summary": {"covered_lines": 25, "num_statements": 25, "percent_covered": 100.0, "percent_covered_display": "100", "missing_lines": 0, "excluded_lines": 0}, "missing_lines": [], "excluded_lines": []}}}, "src/datafolio/handlers/arrays.py": {"executed_lines": [1, 3, 4, 6, 8, 12, 13, 31, 32, 34, 36, 45, 46, 48, 52, 83, 84, 91, 92, 95, 96, 97, 100, 103, 113, 114, 115, 116, 118, 120, 135, 136, 137, 140], "summary": {"covered_lines": 31, "num_statements": 35, "percent_covered": 88.57142857142857, "percent_covered_display": "89", "missing_lines": 4, "excluded_lines": 2}, "missing_lines": [49, 50, 85, 86], "excluded_lines": [8, 9], "functions": {"NumpyHandler.item_type": {"executed_lines": [34], "summary": {"covered_lines": 1, "num_statements": 1, "percent_covered": 100.0, "percent_covered_display": "100", "missing_lines": 0, "excluded_lines": 0}, "missing_lines": [], "excluded_lines": []}, "NumpyHandler.can_handle": {"executed_lines": [45, 46, 48], "summary": {"covered_lines": 3, "num_statements": 5, "percent_covered": 60.0, "percent_covered_display": "60", "missing_lines": 2, "excluded_lines": 0}, "missing_lines": [49, 50], "excluded_lines": []}, "NumpyHandler.add": {"executed_lines": [83, 84, 91, 92, 95, 96, 97, 100, 103, 113, 114, 115, 116, 118], "summary": {"covered_lines": 14, "num_statements": 16, "percent_covered": 87.5, "percent_covered_display": "88", "missing_lines": 2, "excluded_lines": 0}, "missing_lines": [85, 86], "excluded_lines": []}, "NumpyHandler.get": {"executed_lines": [135, 136, 137, 140], "summary": {"covered_lines": 4, "num_statements": 4, "percent_covered": 100.0, "percent_covered_display": "100", "missing_lines": 0, "excluded_lines": 0}, "missing_lines": [], "excluded_lines": []}, "": {"executed_lines": [1, 3, 4, 6, 8, 12, 13, 31, 32, 36, 52, 120], "summary": {"covered_lines": 9, "num_statements": 9, "percent_covered": 100.0, "percent_covered_display": "100", "missing_lines": 0, "excluded_lines": 2}, "missing_lines": [], "excluded_lines": [8, 9]}}, "classes": {"NumpyHandler": {"executed_lines": [34, 45, 46, 48, 83, 84, 91, 92, 95, 96, 97, 100, 103, 113, 114, 115, 116, 118, 135, 136, 137, 140], "summary": {"covered_lines": 22, "num_statements": 26, "percent_covered": 84.61538461538461, "percent_covered_display": "85", "missing_lines": 4, "excluded_lines": 0}, "missing_lines": [49, 50, 85, 86], "excluded_lines": []}, "": {"executed_lines": [1, 3, 4, 6, 8, 12, 13, 31, 32, 36, 52, 120], "summary": {"covered_lines": 9, "num_statements": 9, "percent_covered": 100.0, "percent_covered_display": "100", "missing_lines": 0, "excluded_lines": 2}, "missing_lines": [], "excluded_lines": [8, 9]}}}, "src/datafolio/handlers/artifacts.py": {"executed_lines": [1, 3, 4, 5, 7, 9, 13, 14, 32, 33, 35, 37, 46, 47, 48, 49, 51, 82, 84, 85, 86, 87, 91, 92, 93, 94, 97, 100, 103, 113, 114, 115, 118, 120, 134, 135, 136, 139], "summary": {"covered_lines": 35, "num_statements": 37, "percent_covered": 94.5945945945946, "percent_covered_display": "95", "missing_lines": 2, "excluded_lines": 2}, "missing_lines": [88, 116], "excluded_lines": [9, 10], "functions": {"ArtifactHandler.item_type": {"executed_lines": [35], "summary": {"covered_lines": 1, "num_statements": 1, "percent_covered": 100.0, "percent_covered_display": "100", "missing_lines": 0, "excluded_lines": 0}, "missing_lines": [], "excluded_lines": []}, "ArtifactHandler.can_handle": {"executed_lines": [46, 47, 48, 49], "summary": {"covered_lines": 4, "num_statements": 4, "percent_covered": 100.0, "percent_covered_display": "100", "missing_lines": 0, "excluded_lines": 0}, "missing_lines": [], "excluded_lines": []}, "ArtifactHandler.add": {"executed_lines": [82, 84, 85, 86, 87, 91, 92, 93, 94, 97, 100, 103, 113, 114, 115, 118], "summary": {"covered_lines": 16, "num_statements": 18, "percent_covered": 88.88888888888889, "percent_covered_display": "89", "missing_lines": 2, "excluded_lines": 0}, "missing_lines": [88, 116], "excluded_lines": []}, "ArtifactHandler.get": {"executed_lines": [134, 135, 136, 139], "summary": {"covered_lines": 4, "num_statements": 4, "percent_covered": 100.0, "percent_covered_display": "100", "missing_lines": 0, "excluded_lines": 0}, "missing_lines": [], "excluded_lines": []}, "": {"executed_lines": [1, 3, 4, 5, 7, 9, 13, 14, 32, 33, 37, 51, 120], "summary": {"covered_lines": 10, "num_statements": 10, "percent_covered": 100.0, "percent_covered_display": "100", "missing_lines": 0, "excluded_lines": 2}, "missing_lines": [], "excluded_lines": [9, 10]}}, "classes": {"ArtifactHandler": {"executed_lines": [35, 46, 47, 48, 49, 82, 84, 85, 86, 87, 91, 92, 93, 94, 97, 100, 103, 113, 114, 115, 118, 134, 135, 136, 139], "summary": {"covered_lines": 25, "num_statements": 27, "percent_covered": 92.5925925925926, "percent_covered_display": "93", "missing_lines": 2, "excluded_lines": 0}, "missing_lines": [88, 116], "excluded_lines": []}, "": {"executed_lines": [1, 3, 4, 5, 7, 9, 13, 14, 32, 33, 37, 51, 120], "summary": {"covered_lines": 10, "num_statements": 10, "percent_covered": 100.0, "percent_covered_display": "100", "missing_lines": 0, "excluded_lines": 2}, "missing_lines": [], "excluded_lines": [9, 10]}}}, "src/datafolio/handlers/json_data.py": {"executed_lines": [1, 3, 4, 6, 8, 12, 13, 31, 32, 34, 36, 51, 52, 53, 55, 56, 59, 61, 91, 94, 95, 96, 97, 100, 101, 102, 105, 108, 117, 118, 119, 120, 122, 124, 138, 139, 140, 143], "summary": {"covered_lines": 35, "num_statements": 37, "percent_covered": 94.5945945945946, "percent_covered_display": "95", "missing_lines": 2, "excluded_lines": 2}, "missing_lines": [57, 58], "excluded_lines": [8, 9], "functions": {"JsonHandler.item_type": {"executed_lines": [34], "summary": {"covered_lines": 1, "num_statements": 1, "percent_covered": 100.0, "percent_covered_display": "100", "missing_lines": 0, "excluded_lines": 0}, "missing_lines": [], "excluded_lines": []}, "JsonHandler.can_handle": {"executed_lines": [51, 52, 53, 55, 56, 59], "summary": {"covered_lines": 6, "num_statements": 8, "percent_covered": 75.0, "percent_covered_display": "75", "missing_lines": 2, "excluded_lines": 0}, "missing_lines": [57, 58], "excluded_lines": []}, "JsonHandler.add": {"executed_lines": [91, 94, 95, 96, 97, 100, 101, 102, 105, 108, 117, 118, 119, 120, 122], "summary": {"covered_lines": 15, "num_statements": 15, "percent_covered": 100.0, "percent_covered_display": "100", "missing_lines": 0, "excluded_lines": 0}, "missing_lines": [], "excluded_lines": []}, "JsonHandler.get": {"executed_lines": [138, 139, 140, 143], "summary": {"covered_lines": 4, "num_statements": 4, "percent_covered": 100.0, "percent_covered_display": "100", "missing_lines": 0, "excluded_lines": 0}, "missing_lines": [], "excluded_lines": []}, "": {"executed_lines": [1, 3, 4, 6, 8, 12, 13, 31, 32, 36, 61, 124], "summary": {"covered_lines": 9, "num_statements": 9, "percent_covered": 100.0, "percent_covered_display": "100", "missing_lines": 0, "excluded_lines": 2}, "missing_lines": [], "excluded_lines": [8, 9]}}, "classes": {"JsonHandler": {"executed_lines": [34, 51, 52, 53, 55, 56, 59, 91, 94, 95, 96, 97, 100, 101, 102, 105, 108, 117, 118, 119, 120, 122, 138, 139, 140, 143], "summary": {"covered_lines": 26, "num_statements": 28, "percent_covered": 92.85714285714286, "percent_covered_display": "93", "missing_lines": 2, "excluded_lines": 0}, "missing_lines": [57, 58], "excluded_lines": []}, "": {"executed_lines": [1, 3, 4, 6, 8, 12, 13, 31, 32, 36, 61, 124], "summary": {"covered_lines": 9, "num_statements": 9, "percent_covered": 100.0, "percent_covered_display": "100", "missing_lines": 0, "excluded_lines": 2}, "missing_lines": [], "excluded_lines": [8, 9]}}}, "src/datafolio/handlers/pytorch_models.py": {"executed_lines": [1, 3, 4, 6, 8, 12, 13, 32, 33, 35, 37, 46, 47, 50, 51, 53, 123], "summary": {"covered_lines": 14, "num_statements": 38, "percent_covered": 36.8421052631579, "percent_covered_display": "37", "missing_lines": 24, "excluded_lines": 2}, "missing_lines": [49, 85, 86, 87, 88, 89, 94, 95, 98, 99, 100, 103, 106, 116, 117, 118, 119, 121, 142, 143, 148, 149, 150, 153], "excluded_lines": [8, 9], "functions": {"PyTorchHandler.item_type": {"executed_lines": [35], "summary": {"covered_lines": 1, "num_statements": 1, "percent_covered": 100.0, "percent_covered_display": "100", "missing_lines": 0, "excluded_lines": 0}, "missing_lines": [], "excluded_lines": []}, "PyTorchHandler.can_handle": {"executed_lines": [46, 47, 50, 51], "summary": {"covered_lines": 4, "num_statements": 5, "percent_covered": 80.0, "percent_covered_display": "80", "missing_lines": 1, "excluded_lines": 0}, "missing_lines": [49], "excluded_lines": []}, "PyTorchHandler.add": {"executed_lines": [], "summary": {"covered_lines": 0, "num_statements": 17, "percent_covered": 0.0, "percent_covered_display": "0", "missing_lines": 17, "excluded_lines": 0}, "missing_lines": [85, 86, 87, 88, 89, 94, 95, 98, 99, 100, 103, 106, 116, 117, 118, 119, 121], "excluded_lines": []}, "PyTorchHandler.get": {"executed_lines": [], "summary": {"covered_lines": 0, "num_statements": 6, "percent_covered": 0.0, "percent_covered_display": "0", "missing_lines": 6, "excluded_lines": 0}, "missing_lines": [142, 143, 148, 149, 150, 153], "excluded_lines": []}, "": {"executed_lines": [1, 3, 4, 6, 8, 12, 13, 32, 33, 37, 53, 123], "summary": {"covered_lines": 9, "num_statements": 9, "percent_covered": 100.0, "percent_covered_display": "100", "missing_lines": 0, "excluded_lines": 2}, "missing_lines": [], "excluded_lines": [8, 9]}}, "classes": {"PyTorchHandler": {"executed_lines": [35, 46, 47, 50, 51], "summary": {"covered_lines": 5, "num_statements": 29, "percent_covered": 17.24137931034483, "percent_covered_display": "17", "missing_lines": 24, "excluded_lines": 0}, "missing_lines": [49, 85, 86, 87, 88, 89, 94, 95, 98, 99, 100, 103, 106, 116, 117, 118, 119, 121, 142, 143, 148, 149, 150, 153], "excluded_lines": []}, "": {"executed_lines": [1, 3, 4, 6, 8, 12, 13, 32, 33, 37, 53, 123], "summary": {"covered_lines": 9, "num_statements": 9, "percent_covered": 100.0, "percent_covered_display": "100", "missing_lines": 0, "excluded_lines": 2}, "missing_lines": [], "excluded_lines": [8, 9]}}}, "src/datafolio/handlers/sklearn_models.py": {"executed_lines": [1, 3, 4, 6, 8, 12, 13, 40, 41, 43, 45, 60, 77, 80, 81, 83, 88, 89, 91, 97, 98, 102, 103, 107, 108, 112, 113, 116, 117, 121, 122, 125, 126, 130, 131, 135, 136, 137, 138, 140, 143, 145, 177, 178, 179, 182, 183, 186, 187, 188, 191, 194, 203, 207, 208, 209, 210, 212, 214, 229, 230, 231, 234], "summary": {"covered_lines": 60, "num_statements": 77, "percent_covered": 77.92207792207792, "percent_covered_display": "78", "missing_lines": 17, "excluded_lines": 2}, "missing_lines": [84, 85, 86, 92, 93, 94, 100, 101, 110, 111, 119, 120, 128, 129, 141, 181, 204], "excluded_lines": [8, 9], "functions": {"SklearnHandler.item_type": {"executed_lines": [43], "summary": {"covered_lines": 1, "num_statements": 1, "percent_covered": 100.0, "percent_covered_display": "100", "missing_lines": 0, "excluded_lines": 0}, "missing_lines": [], "excluded_lines": []}, "SklearnHandler.can_handle": {"executed_lines": [60, 77, 80, 81, 83, 88, 89, 91, 97, 98, 102, 103, 107, 108, 112, 113, 116, 117, 121, 122, 125, 126, 130, 131, 135, 136, 137, 138, 140, 143], "summary": {"covered_lines": 30, "num_statements": 45, "percent_covered": 66.66666666666667, "percent_covered_display": "67", "missing_lines": 15, "excluded_lines": 0}, "missing_lines": [84, 85, 86, 92, 93, 94, 100, 101, 110, 111, 119, 120, 128, 129, 141], "excluded_lines": []}, "SklearnHandler.add": {"executed_lines": [177, 178, 179, 182, 183, 186, 187, 188, 191, 194, 203, 207, 208, 209, 210, 212], "summary": {"covered_lines": 16, "num_statements": 18, "percent_covered": 88.88888888888889, "percent_covered_display": "89", "missing_lines": 2, "excluded_lines": 0}, "missing_lines": [181, 204], "excluded_lines": []}, "SklearnHandler.get": {"executed_lines": [229, 230, 231, 234], "summary": {"covered_lines": 4, "num_statements": 4, "percent_covered": 100.0, "percent_covered_display": "100", "missing_lines": 0, "excluded_lines": 0}, "missing_lines": [], "excluded_lines": []}, "": {"executed_lines": [1, 3, 4, 6, 8, 12, 13, 40, 41, 45, 145, 214], "summary": {"covered_lines": 9, "num_statements": 9, "percent_covered": 100.0, "percent_covered_display": "100", "missing_lines": 0, "excluded_lines": 2}, "missing_lines": [], "excluded_lines": [8, 9]}}, "classes": {"SklearnHandler": {"executed_lines": [43, 60, 77, 80, 81, 83, 88, 89, 91, 97, 98, 102, 103, 107, 108, 112, 113, 116, 117, 121, 122, 125, 126, 130, 131, 135, 136, 137, 138, 140, 143, 177, 178, 179, 182, 183, 186, 187, 188, 191, 194, 203, 207, 208, 209, 210, 212, 229, 230, 231, 234], "summary": {"covered_lines": 51, "num_statements": 68, "percent_covered": 75.0, "percent_covered_display": "75", "missing_lines": 17, "excluded_lines": 0}, "missing_lines": [84, 85, 86, 92, 93, 94, 100, 101, 110, 111, 119, 120, 128, 129, 141, 181, 204], "excluded_lines": []}, "": {"executed_lines": [1, 3, 4, 6, 8, 12, 13, 40, 41, 45, 145, 214], "summary": {"covered_lines": 9, "num_statements": 9, "percent_covered": 100.0, "percent_covered_display": "100", "missing_lines": 0, "excluded_lines": 2}, "missing_lines": [], "excluded_lines": [8, 9]}}}, "src/datafolio/handlers/tables.py": {"executed_lines": [1, 3, 4, 6, 7, 9, 13, 14, 31, 32, 34, 36, 45, 46, 48, 52, 85, 87, 88, 91, 92, 93, 94, 97, 100, 112, 113, 114, 115, 117, 119, 133, 134, 135, 138, 141, 142, 159, 160, 162, 164, 170, 172, 196, 199, 202, 211, 216, 217, 218, 219, 221, 223, 234, 235, 239, 246], "summary": {"covered_lines": 53, "num_statements": 57, "percent_covered": 92.98245614035088, "percent_covered_display": "93", "missing_lines": 4, "excluded_lines": 2}, "missing_lines": [49, 50, 212, 213], "excluded_lines": [9, 10], "functions": {"PandasHandler.item_type": {"executed_lines": [34], "summary": {"covered_lines": 1, "num_statements": 1, "percent_covered": 100.0, "percent_covered_display": "100", "missing_lines": 0, "excluded_lines": 0}, "missing_lines": [], "excluded_lines": []}, "PandasHandler.can_handle": {"executed_lines": [45, 46, 48], "summary": {"covered_lines": 3, "num_statements": 5, "percent_covered": 60.0, "percent_covered_display": "60", "missing_lines": 2, "excluded_lines": 0}, "missing_lines": [49, 50], "excluded_lines": []}, "PandasHandler.add": {"executed_lines": [85, 87, 88, 91, 92, 93, 94, 97, 100, 112, 113, 114, 115, 117], "summary": {"covered_lines": 14, "num_statements": 14, "percent_covered": 100.0, "percent_covered_display": "100", "missing_lines": 0, "excluded_lines": 0}, "missing_lines": [], "excluded_lines": []}, "PandasHandler.get": {"executed_lines": [133, 134, 135, 138], "summary": {"covered_lines": 4, "num_statements": 4, "percent_covered": 100.0, "percent_covered_display": "100", "missing_lines": 0, "excluded_lines": 0}, "missing_lines": [], "excluded_lines": []}, "ReferenceTableHandler.item_type": {"executed_lines": [162], "summary": {"covered_lines": 1, "num_statements": 1, "percent_covered": 100.0, "percent_covered_display": "100", "missing_lines": 0, "excluded_lines": 0}, "missing_lines": [], "excluded_lines": []}, "ReferenceTableHandler.can_handle": {"executed_lines": [170], "summary": {"covered_lines": 1, "num_statements": 1, "percent_covered": 100.0, "percent_covered_display": "100", "missing_lines": 0, "excluded_lines": 0}, "missing_lines": [], "excluded_lines": []}, "ReferenceTableHandler.add": {"executed_lines": [196, 199, 202, 211, 216, 217, 218, 219, 221], "summary": {"covered_lines": 9, "num_statements": 11, "percent_covered": 81.81818181818181, "percent_covered_display": "82", "missing_lines": 2, "excluded_lines": 0}, "missing_lines": [212, 213], "excluded_lines": []}, "ReferenceTableHandler.get": {"executed_lines": [234, 235], "summary": {"covered_lines": 2, "num_statements": 2, "percent_covered": 100.0, "percent_covered_display": "100", "missing_lines": 0, "excluded_lines": 0}, "missing_lines": [], "excluded_lines": []}, "ReferenceTableHandler.delete": {"executed_lines": [246], "summary": {"covered_lines": 1, "num_statements": 1, "percent_covered": 100.0, "percent_covered_display": "100", "missing_lines": 0, "excluded_lines": 0}, "missing_lines": [], "excluded_lines": []}, "": {"executed_lines": [1, 3, 4, 6, 7, 9, 13, 14, 31, 32, 36, 52, 119, 141, 142, 159, 160, 164, 172, 223, 239], "summary": {"covered_lines": 17, "num_statements": 17, "percent_covered": 100.0, "percent_covered_display": "100", "missing_lines": 0, "excluded_lines": 2}, "missing_lines": [], "excluded_lines": [9, 10]}}, "classes": {"PandasHandler": {"executed_lines": [34, 45, 46, 48, 85, 87, 88, 91, 92, 93, 94, 97, 100, 112, 113, 114, 115, 117, 133, 134, 135, 138], "summary": {"covered_lines": 22, "num_statements": 24, "percent_covered": 91.66666666666667, "percent_covered_display": "92", "missing_lines": 2, "excluded_lines": 0}, "missing_lines": [49, 50], "excluded_lines": []}, "ReferenceTableHandler": {"executed_lines": [162, 170, 196, 199, 202, 211, 216, 217, 218, 219, 221, 234, 235, 246], "summary": {"covered_lines": 14, "num_statements": 16, "percent_covered": 87.5, "percent_covered_display": "88", "missing_lines": 2, "excluded_lines": 0}, "missing_lines": [212, 213], "excluded_lines": []}, "": {"executed_lines": [1, 3, 4, 6, 7, 9, 13, 14, 31, 32, 36, 52, 119, 141, 142, 159, 160, 164, 172, 223, 239], "summary": {"covered_lines": 17, "num_statements": 17, "percent_covered": 100.0, "percent_covered_display": "100", "missing_lines": 0, "excluded_lines": 2}, "missing_lines": [], "excluded_lines": [9, 10]}}}, "src/datafolio/handlers/timestamps.py": {"executed_lines": [1, 3, 4, 6, 8, 12, 13, 32, 33, 35, 37, 49, 51, 84, 86, 87, 89, 90, 95, 97, 102, 103, 104, 107, 108, 109, 112, 115, 125, 126, 127, 128, 130, 132, 149, 150, 151, 154, 156], "summary": {"covered_lines": 36, "num_statements": 36, "percent_covered": 100.0, "percent_covered_display": "100", "missing_lines": 0, "excluded_lines": 2}, "missing_lines": [], "excluded_lines": [8, 9], "functions": {"TimestampHandler.item_type": {"executed_lines": [35], "summary": {"covered_lines": 1, "num_statements": 1, "percent_covered": 100.0, "percent_covered_display": "100", "missing_lines": 0, "excluded_lines": 0}, "missing_lines": [], "excluded_lines": []}, "TimestampHandler.can_handle": {"executed_lines": [49], "summary": {"covered_lines": 1, "num_statements": 1, "percent_covered": 100.0, "percent_covered_display": "100", "missing_lines": 0, "excluded_lines": 0}, "missing_lines": [], "excluded_lines": []}, "TimestampHandler.add": {"executed_lines": [84, 86, 87, 89, 90, 95, 97, 102, 103, 104, 107, 108, 109, 112, 115, 125, 126, 127, 128, 130], "summary": {"covered_lines": 20, "num_statements": 20, "percent_covered": 100.0, "percent_covered_display": "100", "missing_lines": 0, "excluded_lines": 0}, "missing_lines": [], "excluded_lines": []}, "TimestampHandler.get": {"executed_lines": [149, 150, 151, 154, 156], "summary": {"covered_lines": 5, "num_statements": 5, "percent_covered": 100.0, "percent_covered_display": "100", "missing_lines": 0, "excluded_lines": 0}, "missing_lines": [], "excluded_lines": []}, "": {"executed_lines": [1, 3, 4, 6, 8, 12, 13, 32, 33, 37, 51, 132], "summary": {"covered_lines": 9, "num_statements": 9, "percent_covered": 100.0, "percent_covered_display": "100", "missing_lines": 0, "excluded_lines": 2}, "missing_lines": [], "excluded_lines": [8, 9]}}, "classes": {"TimestampHandler": {"executed_lines": [35, 49, 84, 86, 87, 89, 90, 95, 97, 102, 103, 104, 107, 108, 109, 112, 115, 125, 126, 127, 128, 130, 149, 150, 151, 154, 156], "summary": {"covered_lines": 27, "num_statements": 27, "percent_covered": 100.0, "percent_covered_display": "100", "missing_lines": 0, "excluded_lines": 0}, "missing_lines": [], "excluded_lines": []}, "": {"executed_lines": [1, 3, 4, 6, 8, 12, 13, 32, 33, 37, 51, 132], "summary": {"covered_lines": 9, "num_statements": 9, "percent_covered": 100.0, "percent_covered_display": "100", "missing_lines": 0, "excluded_lines": 2}, "missing_lines": [], "excluded_lines": [8, 9]}}}, "src/datafolio/metadata.py": {"executed_lines": [1, 7, 8, 10, 14, 15, 30, 39, 40, 42, 44, 45, 47, 48, 51, 53, 59, 65, 71], "summary": {"covered_lines": 16, "num_statements": 31, "percent_covered": 51.61290322580645, "percent_covered_display": "52", "missing_lines": 15, "excluded_lines": 2}, "missing_lines": [55, 56, 57, 61, 62, 63, 67, 68, 69, 73, 74, 75, 76, 77, 78], "excluded_lines": [10, 11], "functions": {"MetadataDict.__init__": {"executed_lines": [39, 40], "summary": {"covered_lines": 2, "num_statements": 2, "percent_covered": 100.0, "percent_covered_display": "100", "missing_lines": 0, "excluded_lines": 0}, "missing_lines": [], "excluded_lines": []}, "MetadataDict.__setitem__": {"executed_lines": [44, 45, 47, 48, 51], "summary": {"covered_lines": 5, "num_statements": 5, "percent_covered": 100.0, "percent_covered_display": "100", "missing_lines": 0, "excluded_lines": 0}, "missing_lines": [], "excluded_lines": []}, "MetadataDict.__delitem__": {"executed_lines": [], "summary": {"covered_lines": 0, "num_statements": 3, "percent_covered": 0.0, "percent_covered_display": "0", "missing_lines": 3, "excluded_lines": 0}, "missing_lines": [55, 56, 57], "excluded_lines": []}, "MetadataDict.update": {"executed_lines": [], "summary": {"covered_lines": 0, "num_statements": 3, "percent_covered": 0.0, "percent_covered_display": "0", "missing_lines": 3, "excluded_lines": 0}, "missing_lines": [61, 62, 63], "excluded_lines": []}, "MetadataDict.clear": {"executed_lines": [], "summary": {"covered_lines": 0, "num_statements": 3, "percent_covered": 0.0, "percent_covered_display": "0", "missing_lines": 3, "excluded_lines": 0}, "missing_lines": [67, 68, 69], "excluded_lines": []}, "MetadataDict.setdefault": {"executed_lines": [], "summary": {"covered_lines": 0, "num_statements": 6, "percent_covered": 0.0, "percent_covered_display": "0", "missing_lines": 6, "excluded_lines": 0}, "missing_lines": [73, 74, 75, 76, 77, 78], "excluded_lines": []}, "": {"executed_lines": [1, 7, 8, 10, 14, 15, 30, 42, 53, 59, 65, 71], "summary": {"covered_lines": 9, "num_statements": 9, "percent_covered": 100.0, "percent_covered_display": "100", "missing_lines": 0, "excluded_lines": 2}, "missing_lines": [], "excluded_lines": [10, 11]}}, "classes": {"MetadataDict": {"executed_lines": [39, 40, 44, 45, 47, 48, 51], "summary": {"covered_lines": 7, "num_statements": 22, "percent_covered": 31.818181818181817, "percent_covered_display": "32", "missing_lines": 15, "excluded_lines": 0}, "missing_lines": [55, 56, 57, 61, 62, 63, 67, 68, 69, 73, 74, 75, 76, 77, 78], "excluded_lines": []}, "": {"executed_lines": [1, 7, 8, 10, 14, 15, 30, 42, 53, 59, 65, 71], "summary": {"covered_lines": 9, "num_statements": 9, "percent_covered": 100.0, "percent_covered_display": "100", "missing_lines": 0, "excluded_lines": 2}, "missing_lines": [], "excluded_lines": [10, 11]}}}, "src/datafolio/readers.py": {"executed_lines": [1, 3, 4, 5, 6, 8, 9, 10, 12, 14, 17, 22, 23, 24, 25, 27, 28, 29, 30, 35, 38, 41, 64, 65, 68, 95, 118, 119, 122, 151, 179, 180, 181, 182, 183, 184, 186, 188, 189], "summary": {"covered_lines": 38, "num_statements": 46, "percent_covered": 82.6086956521739, "percent_covered_display": "83", "missing_lines": 8, "excluded_lines": 0}, "missing_lines": [32, 36, 91, 92, 147, 148, 185, 187], "excluded_lines": [], "functions": {"_read_file": {"executed_lines": [22, 23, 24, 25, 27, 28, 29, 30, 35, 38], "summary": {"covered_lines": 10, "num_statements": 12, "percent_covered": 83.33333333333333, "percent_covered_display": "83", "missing_lines": 2, "excluded_lines": 0}, "missing_lines": [32, 36], "excluded_lines": []}, "read_parquet": {"executed_lines": [64, 65], "summary": {"covered_lines": 2, "num_statements": 2, "percent_covered": 100.0, "percent_covered_display": "100", "missing_lines": 0, "excluded_lines": 0}, "missing_lines": [], "excluded_lines": []}, "read_arrow": {"executed_lines": [], "summary": {"covered_lines": 0, "num_statements": 2, "percent_covered": 0.0, "percent_covered_display": "0", "missing_lines": 2, "excluded_lines": 0}, "missing_lines": [91, 92], "excluded_lines": []}, "read_csv": {"executed_lines": [118, 119], "summary": {"covered_lines": 2, "num_statements": 2, "percent_covered": 100.0, "percent_covered_display": "100", "missing_lines": 0, "excluded_lines": 0}, "missing_lines": [], "excluded_lines": []}, "read_joblib": {"executed_lines": [], "summary": {"covered_lines": 0, "num_statements": 2, "percent_covered": 0.0, "percent_covered_display": "0", "missing_lines": 2, "excluded_lines": 0}, "missing_lines": [147, 148], "excluded_lines": []}, "read_table": {"executed_lines": [179, 180, 181, 182, 183, 184, 186, 188, 189], "summary": {"covered_lines": 9, "num_statements": 11, "percent_covered": 81.81818181818181, "percent_covered_display": "82", "missing_lines": 2, "excluded_lines": 0}, "missing_lines": [185, 187], "excluded_lines": []}, "": {"executed_lines": [1, 3, 4, 5, 6, 8, 9, 10, 12, 14, 17, 41, 68, 95, 122, 151], "summary": {"covered_lines": 15, "num_statements": 15, "percent_covered": 100.0, "percent_covered_display": "100", "missing_lines": 0, "excluded_lines": 0}, "missing_lines": [], "excluded_lines": []}}, "classes": {"": {"executed_lines": [1, 3, 4, 5, 6, 8, 9, 10, 12, 14, 17, 22, 23, 24, 25, 27, 28, 29, 30, 35, 38, 41, 64, 65, 68, 95, 118, 119, 122, 151, 179, 180, 181, 182, 183, 184, 186, 188, 189], "summary": {"covered_lines": 38, "num_statements": 46, "percent_covered": 82.6086956521739, "percent_covered_display": "83", "missing_lines": 8, "excluded_lines": 0}, "missing_lines": [32, 36, 91, 92, 147, 148, 185, 187], "excluded_lines": []}}}, "src/datafolio/storage/__init__.py": {"executed_lines": [1, 8, 9, 16], "summary": {"covered_lines": 3, "num_statements": 3, "percent_covered": 100.0, "percent_covered_display": "100", "missing_lines": 0, "excluded_lines": 0}, "missing_lines": [], "excluded_lines": [], "functions": {"": {"executed_lines": [1, 8, 9, 16], "summary": {"covered_lines": 3, "num_statements": 3, "percent_covered": 100.0, "percent_covered_display": "100", "missing_lines": 0, "excluded_lines": 0}, "missing_lines": [], "excluded_lines": []}}, "classes": {"": {"executed_lines": [1, 8, 9, 16], "summary": {"covered_lines": 3, "num_statements": 3, "percent_covered": 100.0, "percent_covered_display": "100", "missing_lines": 0, "excluded_lines": 0}, "missing_lines": [], "excluded_lines": []}}}, "src/datafolio/storage/backend.py": {"executed_lines": [1, 7, 8, 9, 10, 12, 15, 16, 29, 43, 55, 57, 69, 74, 76, 90, 95, 97, 107, 119, 120, 121, 123, 134, 148, 150, 156, 167, 169, 173, 186, 187, 189, 202, 204, 217, 218, 224, 236, 238, 252, 254, 260, 271, 273, 295, 297, 310, 312, 333, 339, 425, 474, 485, 486, 493, 515, 517, 531, 532, 539, 560, 566, 578, 579, 582, 584, 598, 599, 602, 608, 625, 627], "summary": {"covered_lines": 71, "num_statements": 229, "percent_covered": 31.004366812227076, "percent_covered_display": "31", "missing_lines": 158, "excluded_lines": 0}, "missing_lines": [45, 46, 48, 50, 51, 52, 53, 72, 92, 108, 110, 111, 112, 114, 115, 116, 117, 135, 137, 138, 139, 140, 141, 143, 144, 145, 146, 174, 177, 178, 179, 181, 182, 183, 184, 205, 207, 208, 209, 211, 212, 213, 214, 215, 275, 277, 278, 279, 280, 282, 284, 285, 286, 288, 289, 290, 291, 293, 314, 316, 318, 319, 320, 322, 323, 324, 325, 326, 327, 328, 329, 330, 331, 366, 367, 368, 369, 375, 383, 384, 386, 387, 390, 391, 392, 394, 395, 396, 401, 403, 405, 406, 407, 408, 410, 412, 413, 414, 416, 417, 418, 419, 421, 423, 439, 440, 441, 442, 447, 449, 451, 453, 454, 455, 457, 458, 459, 460, 461, 462, 463, 464, 465, 466, 468, 487, 488, 495, 497, 498, 499, 500, 502, 504, 505, 506, 508, 509, 510, 511, 513, 533, 534, 541, 543, 545, 546, 547, 549, 550, 551, 552, 553, 554, 555, 556, 557, 558], "excluded_lines": [], "functions": {"StorageBackend.exists": {"executed_lines": [43, 55], "summary": {"covered_lines": 2, "num_statements": 9, "percent_covered": 22.22222222222222, "percent_covered_display": "22", "missing_lines": 7, "excluded_lines": 0}, "missing_lines": [45, 46, 48, 50, 51, 52, 53], "excluded_lines": []}, "StorageBackend.mkdir": {"executed_lines": [69, 74], "summary": {"covered_lines": 2, "num_statements": 3, "percent_covered": 66.66666666666667, "percent_covered_display": "67", "missing_lines": 1, "excluded_lines": 0}, "missing_lines": [72], "excluded_lines": []}, "StorageBackend.join_paths": {"executed_lines": [90, 95], "summary": {"covered_lines": 2, "num_statements": 3, "percent_covered": 66.66666666666667, "percent_covered_display": "67", "missing_lines": 1, "excluded_lines": 0}, "missing_lines": [92], "excluded_lines": []}, "StorageBackend.delete_file": {"executed_lines": [107, 119, 120, 121], "summary": {"covered_lines": 4, "num_statements": 12, "percent_covered": 33.333333333333336, "percent_covered_display": "33", "missing_lines": 8, "excluded_lines": 0}, "missing_lines": [108, 110, 111, 112, 114, 115, 116, 117], "excluded_lines": []}, "StorageBackend.copy_file": {"executed_lines": [134, 148, 150], "summary": {"covered_lines": 3, "num_statements": 13, "percent_covered": 23.076923076923077, "percent_covered_display": "23", "missing_lines": 10, "excluded_lines": 0}, "missing_lines": [135, 137, 138, 139, 140, 141, 143, 144, 145, 146], "excluded_lines": []}, "StorageBackend.write_json": {"executed_lines": [167, 169, 173, 186, 187], "summary": {"covered_lines": 5, "num_statements": 13, "percent_covered": 38.46153846153846, "percent_covered_display": "38", "missing_lines": 8, "excluded_lines": 0}, "missing_lines": [174, 177, 178, 179, 181, 182, 183, 184], "excluded_lines": []}, "StorageBackend.read_json": {"executed_lines": [202, 204, 217, 218], "summary": {"covered_lines": 4, "num_statements": 13, "percent_covered": 30.76923076923077, "percent_covered_display": "31", "missing_lines": 9, "excluded_lines": 0}, "missing_lines": [205, 207, 208, 209, 211, 212, 213, 214, 215], "excluded_lines": []}, "StorageBackend.write_parquet": {"executed_lines": [236], "summary": {"covered_lines": 1, "num_statements": 1, "percent_covered": 100.0, "percent_covered_display": "100", "missing_lines": 0, "excluded_lines": 0}, "missing_lines": [], "excluded_lines": []}, "StorageBackend.read_parquet": {"executed_lines": [252, 254], "summary": {"covered_lines": 2, "num_statements": 2, "percent_covered": 100.0, "percent_covered_display": "100", "missing_lines": 0, "excluded_lines": 0}, "missing_lines": [], "excluded_lines": []}, "StorageBackend.write_joblib": {"executed_lines": [271, 273, 295], "summary": {"covered_lines": 3, "num_statements": 17, "percent_covered": 17.647058823529413, "percent_covered_display": "18", "missing_lines": 14, "excluded_lines": 0}, "missing_lines": [275, 277, 278, 279, 280, 282, 284, 285, 286, 288, 289, 290, 291, 293], "excluded_lines": []}, "StorageBackend.read_joblib": {"executed_lines": [310, 312, 333], "summary": {"covered_lines": 3, "num_statements": 18, "percent_covered": 16.666666666666668, "percent_covered_display": "17", "missing_lines": 15, "excluded_lines": 0}, "missing_lines": [314, 316, 318, 319, 320, 322, 323, 324, 325, 326, 327, 328, 329, 330, 331], "excluded_lines": []}, "StorageBackend.write_pytorch": {"executed_lines": [], "summary": {"covered_lines": 0, "num_statements": 31, "percent_covered": 0.0, "percent_covered_display": "0", "missing_lines": 31, "excluded_lines": 0}, "missing_lines": [366, 367, 368, 369, 375, 383, 384, 386, 387, 390, 391, 392, 394, 395, 396, 401, 403, 405, 406, 407, 408, 410, 412, 413, 414, 416, 417, 418, 419, 421, 423], "excluded_lines": []}, "StorageBackend.read_pytorch": {"executed_lines": [], "summary": {"covered_lines": 0, "num_statements": 21, "percent_covered": 0.0, "percent_covered_display": "0", "missing_lines": 21, "excluded_lines": 0}, "missing_lines": [439, 440, 441, 442, 447, 449, 451, 453, 454, 455, 457, 458, 459, 460, 461, 462, 463, 464, 465, 466, 468], "excluded_lines": []}, "StorageBackend.write_numpy": {"executed_lines": [485, 486, 493, 515], "summary": {"covered_lines": 4, "num_statements": 20, "percent_covered": 20.0, "percent_covered_display": "20", "missing_lines": 16, "excluded_lines": 0}, "missing_lines": [487, 488, 495, 497, 498, 499, 500, 502, 504, 505, 506, 508, 509, 510, 511, 513], "excluded_lines": []}, "StorageBackend.read_numpy": {"executed_lines": [531, 532, 539, 560], "summary": {"covered_lines": 4, "num_statements": 21, "percent_covered": 19.047619047619047, "percent_covered_display": "19", "missing_lines": 17, "excluded_lines": 0}, "missing_lines": [533, 534, 541, 543, 545, 546, 547, 549, 550, 551, 552, 553, 554, 555, 556, 557, 558], "excluded_lines": []}, "StorageBackend.write_timestamp": {"executed_lines": [578, 579, 582], "summary": {"covered_lines": 3, "num_statements": 3, "percent_covered": 100.0, "percent_covered_display": "100", "missing_lines": 0, "excluded_lines": 0}, "missing_lines": [], "excluded_lines": []}, "StorageBackend.read_timestamp": {"executed_lines": [598, 599, 602], "summary": {"covered_lines": 3, "num_statements": 3, "percent_covered": 100.0, "percent_covered_display": "100", "missing_lines": 0, "excluded_lines": 0}, "missing_lines": [], "excluded_lines": []}, "StorageBackend.read_table": {"executed_lines": [625, 627], "summary": {"covered_lines": 2, "num_statements": 2, "percent_covered": 100.0, "percent_covered_display": "100", "missing_lines": 0, "excluded_lines": 0}, "missing_lines": [], "excluded_lines": []}, "": {"executed_lines": [1, 7, 8, 9, 10, 12, 15, 16, 29, 57, 76, 97, 123, 156, 189, 224, 238, 260, 297, 339, 425, 474, 517, 566, 584, 608], "summary": {"covered_lines": 24, "num_statements": 24, "percent_covered": 100.0, "percent_covered_display": "100", "missing_lines": 0, "excluded_lines": 0}, "missing_lines": [], "excluded_lines": []}}, "classes": {"StorageBackend": {"executed_lines": [43, 55, 69, 74, 90, 95, 107, 119, 120, 121, 134, 148, 150, 167, 169, 173, 186, 187, 202, 204, 217, 218, 236, 252, 254, 271, 273, 295, 310, 312, 333, 485, 486, 493, 515, 531, 532, 539, 560, 578, 579, 582, 598, 599, 602, 625, 627], "summary": {"covered_lines": 47, "num_statements": 205, "percent_covered": 22.926829268292682, "percent_covered_display": "23", "missing_lines": 158, "excluded_lines": 0}, "missing_lines": [45, 46, 48, 50, 51, 52, 53, 72, 92, 108, 110, 111, 112, 114, 115, 116, 117, 135, 137, 138, 139, 140, 141, 143, 144, 145, 146, 174, 177, 178, 179, 181, 182, 183, 184, 205, 207, 208, 209, 211, 212, 213, 214, 215, 275, 277, 278, 279, 280, 282, 284, 285, 286, 288, 289, 290, 291, 293, 314, 316, 318, 319, 320, 322, 323, 324, 325, 326, 327, 328, 329, 330, 331, 366, 367, 368, 369, 375, 383, 384, 386, 387, 390, 391, 392, 394, 395, 396, 401, 403, 405, 406, 407, 408, 410, 412, 413, 414, 416, 417, 418, 419, 421, 423, 439, 440, 441, 442, 447, 449, 451, 453, 454, 455, 457, 458, 459, 460, 461, 462, 463, 464, 465, 466, 468, 487, 488, 495, 497, 498, 499, 500, 502, 504, 505, 506, 508, 509, 510, 511, 513, 533, 534, 541, 543, 545, 546, 547, 549, 550, 551, 552, 553, 554, 555, 556, 557, 558], "excluded_lines": []}, "": {"executed_lines": [1, 7, 8, 9, 10, 12, 15, 16, 29, 57, 76, 97, 123, 156, 189, 224, 238, 260, 297, 339, 425, 474, 517, 566, 584, 608], "summary": {"covered_lines": 24, "num_statements": 24, "percent_covered": 100.0, "percent_covered_display": "100", "missing_lines": 0, "excluded_lines": 0}, "missing_lines": [], "excluded_lines": []}}}, "src/datafolio/storage/categories.py": {"executed_lines": [1, 8, 9, 12, 13, 31, 32, 33, 35, 36, 46, 51, 67, 86, 89, 110], "summary": {"covered_lines": 14, "num_statements": 14, "percent_covered": 100.0, "percent_covered_display": "100", "missing_lines": 0, "excluded_lines": 0}, "missing_lines": [], "excluded_lines": [], "functions": {"StorageCategory.directory": {"executed_lines": [46], "summary": {"covered_lines": 1, "num_statements": 1, "percent_covered": 100.0, "percent_covered_display": "100", "missing_lines": 0, "excluded_lines": 0}, "missing_lines": [], "excluded_lines": []}, "get_storage_category": {"executed_lines": [86], "summary": {"covered_lines": 1, "num_statements": 1, "percent_covered": 100.0, "percent_covered_display": "100", "missing_lines": 0, "excluded_lines": 0}, "missing_lines": [], "excluded_lines": []}, "get_storage_directory": {"executed_lines": [110], "summary": {"covered_lines": 1, "num_statements": 1, "percent_covered": 100.0, "percent_covered_display": "100", "missing_lines": 0, "excluded_lines": 0}, "missing_lines": [], "excluded_lines": []}, "": {"executed_lines": [1, 8, 9, 12, 13, 31, 32, 33, 35, 36, 51, 67, 89], "summary": {"covered_lines": 11, "num_statements": 11, "percent_covered": 100.0, "percent_covered_display": "100", "missing_lines": 0, "excluded_lines": 0}, "missing_lines": [], "excluded_lines": []}}, "classes": {"StorageCategory": {"executed_lines": [46], "summary": {"covered_lines": 1, "num_statements": 1, "percent_covered": 100.0, "percent_covered_display": "100", "missing_lines": 0, "excluded_lines": 0}, "missing_lines": [], "excluded_lines": []}, "": {"executed_lines": [1, 8, 9, 12, 13, 31, 32, 33, 35, 36, 51, 67, 86, 89, 110], "summary": {"covered_lines": 13, "num_statements": 13, "percent_covered": 100.0, "percent_covered_display": "100", "missing_lines": 0, "excluded_lines": 0}, "missing_lines": [], "excluded_lines": []}}}, "src/datafolio/utils.py": {"executed_lines": [1, 3, 4, 5, 7, 10, 11, 12, 13, 15, 16, 20, 21, 23, 24, 25, 26, 27, 28, 29, 31, 32, 33, 36, 37, 39, 40, 41, 42, 43, 44, 45, 46, 48, 49, 50, 51, 54, 55, 57, 58, 59, 60, 61, 63, 64, 65, 66, 69, 70, 72, 73, 74, 75, 76, 77, 79, 80, 81, 84, 101, 102, 112, 115, 137, 138, 140, 143, 144, 145, 146, 148, 151, 160, 161, 162, 168, 183, 189, 193, 259, 325, 392, 405, 406, 407, 408, 411, 430, 431, 432], "summary": {"covered_lines": 86, "num_statements": 87, "percent_covered": 98.85057471264368, "percent_covered_display": "99", "missing_lines": 1, "excluded_lines": 0}, "missing_lines": [433], "excluded_lines": [], "functions": {"is_cloud_path": {"executed_lines": [101, 102, 112], "summary": {"covered_lines": 3, "num_statements": 3, "percent_covered": 100.0, "percent_covered_display": "100", "missing_lines": 0, "excluded_lines": 0}, "missing_lines": [], "excluded_lines": []}, "resolve_path": {"executed_lines": [137, 138, 140, 143, 144, 145, 146, 148], "summary": {"covered_lines": 8, "num_statements": 8, "percent_covered": 100.0, "percent_covered_display": "100", "missing_lines": 0, "excluded_lines": 0}, "missing_lines": [], "excluded_lines": []}, "validate_table_format": {"executed_lines": [160, 161, 162], "summary": {"covered_lines": 3, "num_statements": 3, "percent_covered": 100.0, "percent_covered_display": "100", "missing_lines": 0, "excluded_lines": 0}, "missing_lines": [], "excluded_lines": []}, "get_file_extension": {"executed_lines": [183, 189], "summary": {"covered_lines": 2, "num_statements": 2, "percent_covered": 100.0, "percent_covered_display": "100", "missing_lines": 0, "excluded_lines": 0}, "missing_lines": [], "excluded_lines": []}, "generate_random_name": {"executed_lines": [405, 406, 407, 408], "summary": {"covered_lines": 4, "num_statements": 4, "percent_covered": 100.0, "percent_covered_display": "100", "missing_lines": 0, "excluded_lines": 0}, "missing_lines": [], "excluded_lines": []}, "make_bundle_name": {"executed_lines": [430, 431, 432], "summary": {"covered_lines": 3, "num_statements": 4, "percent_covered": 75.0, "percent_covered_display": "75", "missing_lines": 1, "excluded_lines": 0}, "missing_lines": [433], "excluded_lines": []}, "": {"executed_lines": [1, 3, 4, 5, 7, 10, 11, 12, 13, 15, 16, 20, 21, 23, 24, 25, 26, 27, 28, 29, 31, 32, 33, 36, 37, 39, 40, 41, 42, 43, 44, 45, 46, 48, 49, 50, 51, 54, 55, 57, 58, 59, 60, 61, 63, 64, 65, 66, 69, 70, 72, 73, 74, 75, 76, 77, 79, 80, 81, 84, 115, 151, 168, 193, 259, 325, 392, 411], "summary": {"covered_lines": 63, "num_statements": 63, "percent_covered": 100.0, "percent_covered_display": "100", "missing_lines": 0, "excluded_lines": 0}, "missing_lines": [], "excluded_lines": []}}, "classes": {"TableReference": {"executed_lines": [], "summary": {"covered_lines": 0, "num_statements": 0, "percent_covered": 100.0, "percent_covered_display": "100", "missing_lines": 0, "excluded_lines": 0}, "missing_lines": [], "excluded_lines": []}, "IncludedTable": {"executed_lines": [], "summary": {"covered_lines": 0, "num_statements": 0, "percent_covered": 100.0, "percent_covered_display": "100", "missing_lines": 0, "excluded_lines": 0}, "missing_lines": [], "excluded_lines": []}, "IncludedItem": {"executed_lines": [], "summary": {"covered_lines": 0, "num_statements": 0, "percent_covered": 100.0, "percent_covered_display": "100", "missing_lines": 0, "excluded_lines": 0}, "missing_lines": [], "excluded_lines": []}, "TimestampItem": {"executed_lines": [], "summary": {"covered_lines": 0, "num_statements": 0, "percent_covered": 100.0, "percent_covered_display": "100", "missing_lines": 0, "excluded_lines": 0}, "missing_lines": [], "excluded_lines": []}, "": {"executed_lines": [1, 3, 4, 5, 7, 10, 11, 12, 13, 15, 16, 20, 21, 23, 24, 25, 26, 27, 28, 29, 31, 32, 33, 36, 37, 39, 40, 41, 42, 43, 44, 45, 46, 48, 49, 50, 51, 54, 55, 57, 58, 59, 60, 61, 63, 64, 65, 66, 69, 70, 72, 73, 74, 75, 76, 77, 79, 80, 81, 84, 101, 102, 112, 115, 137, 138, 140, 143, 144, 145, 146, 148, 151, 160, 161, 162, 168, 183, 189, 193, 259, 325, 392, 405, 406, 407, 408, 411, 430, 431, 432], "summary": {"covered_lines": 86, "num_statements": 87, "percent_covered": 98.85057471264368, "percent_covered_display": "99", "missing_lines": 1, "excluded_lines": 0}, "missing_lines": [433], "excluded_lines": []}}}}, "totals": {"covered_lines": 1298, "num_statements": 1935, "percent_covered": 67.08010335917312, "percent_covered_display": "67", "missing_lines": 637, "excluded_lines": 23}}